<?xml version="1.0" encoding="utf-8"?><testsuites name="pytest tests"><testsuite name="pytest" errors="0" failures="0" skipped="0" tests="16" time="1.640" timestamp="2026-02-09T10:21:28.230876+00:00" hostname="agent-env-86237aed-22ab-43dd-aefc-0c0f5f8c9c38"><testcase classname="backend.tests.test_admin_statistics.TestAdminTimeseries" name="test_timeseries_endpoint_returns_data" time="0.183" /><testcase classname="backend.tests.test_admin_statistics.TestAdminTimeseries" name="test_timeseries_series_structure" time="0.090" /><testcase classname="backend.tests.test_admin_statistics.TestAdminTimeseries" name="test_timeseries_per_category_fields" time="0.091" /><testcase classname="backend.tests.test_admin_statistics.TestAdminTimeseries" name="test_timeseries_requires_auth" time="0.041" /><testcase classname="backend.tests.test_admin_statistics.TestAdminProgress" name="test_progress_includes_pause_fields" time="0.163" /><testcase classname="backend.tests.test_admin_statistics.TestAdminProgress" name="test_progress_goal_fields" time="0.075" /><testcase classname="backend.tests.test_admin_statistics.TestAdminProgress" name="test_progress_estimated_fields" time="0.071" /><testcase classname="backend.tests.test_admin_statistics.TestAdminProgress" name="test_progress_per_category" time="0.398" /><testcase classname="backend.tests.test_admin_statistics.TestAdminTournaments" name="test_get_tournaments_list" time="0.038" /><testcase classname="backend.tests.test_admin_statistics.TestAdminTournaments" name="test_tournament_has_stats" time="0.037" /><testcase classname="backend.tests.test_admin_statistics.TestAdminTournaments" name="test_tournament_has_goals" time="0.038" /><testcase classname="backend.tests.test_admin_statistics.TestAdminStats" name="test_stats_model_breakdown" time="0.092" /><testcase classname="backend.tests.test_admin_statistics.TestAdminStats" name="test_stats_totals" time="0.092" /><testcase classname="backend.tests.test_admin_statistics.TestAdminTabNavigation" name="test_admin_login" time="0.081" /><testcase classname="backend.tests.test_admin_statistics.TestAdminTabNavigation" name="test_admin_settings_access" time="0.035" /><testcase classname="backend.tests.test_admin_statistics.TestAdminTabNavigation" name="test_admin_prompt_access" time="0.035" /></testsuite></testsuites>