<?xml version="1.0" encoding="utf-8"?><testsuites name="pytest tests"><testsuite name="pytest" errors="0" failures="0" skipped="0" tests="16" time="1.610" timestamp="2026-06-02T20:25:21.695881+00:00" hostname="agent-env-eec7a509-43e5-4349-a2e2-b39fc0603f04"><testcase classname="backend.tests.test_admin2_stats.TestAdminLogin" name="test_login_returns_token" time="0.194" /><testcase classname="backend.tests.test_admin2_stats.TestAdminLogin" name="test_login_wrong_password" time="0.064" /><testcase classname="backend.tests.test_admin2_stats.TestStatsOverview" name="test_requires_auth" time="0.056" /><testcase classname="backend.tests.test_admin2_stats.TestStatsOverview" name="test_invalid_token_rejected" time="0.057" /><testcase classname="backend.tests.test_admin2_stats.TestStatsOverview" name="test_returns_full_payload_under_10s" time="0.176" /><testcase classname="backend.tests.test_admin2_stats.TestStatsOverview" name="test_internal_cost_consistency" time="0.164" /><testcase classname="backend.tests.test_admin2_stats.TestStatsOverview" name="test_category_filter" time="0.073" /><testcase classname="backend.tests.test_admin2_stats.TestStatsOverview" name="test_force_param_kicks_backfill_fast" time="0.184" /><testcase classname="backend.tests.test_admin2_stats.TestBackfillEndpoint" name="test_backfill_started" time="0.090" /><testcase classname="backend.tests.test_admin2_stats.TestBackfillEndpoint" name="test_backfill_requires_auth" time="0.052" /><testcase classname="backend.tests.test_admin2_stats.TestMemoryEndpoint" name="test_valid_hours[6]" time="0.067" /><testcase classname="backend.tests.test_admin2_stats.TestMemoryEndpoint" name="test_valid_hours[24]" time="0.082" /><testcase classname="backend.tests.test_admin2_stats.TestMemoryEndpoint" name="test_valid_hours[168]" time="0.118" /><testcase classname="backend.tests.test_admin2_stats.TestMemoryEndpoint" name="test_hours_zero_rejected" time="0.054" /><testcase classname="backend.tests.test_admin2_stats.TestMemoryEndpoint" name="test_hours_over_max_rejected" time="0.055" /><testcase classname="backend.tests.test_admin2_stats.TestMemoryEndpoint" name="test_memory_requires_auth" time="0.056" /></testsuite></testsuites>