<?xml version="1.0" encoding="utf-8"?><testsuites name="pytest tests"><testsuite name="pytest" errors="0" failures="1" skipped="0" tests="16" time="1.590" timestamp="2026-06-02T19:14:54.649642+00:00" hostname="agent-env-eec7a509-43e5-4349-a2e2-b39fc0603f04"><testcase classname="backend.tests.test_admin2_stats.TestAdminLogin" name="test_login_returns_token" time="0.294" /><testcase classname="backend.tests.test_admin2_stats.TestAdminLogin" name="test_login_wrong_password" time="0.052" /><testcase classname="backend.tests.test_admin2_stats.TestStatsOverview" name="test_requires_auth" time="0.051" /><testcase classname="backend.tests.test_admin2_stats.TestStatsOverview" name="test_invalid_token_rejected" time="0.050" /><testcase classname="backend.tests.test_admin2_stats.TestStatsOverview" name="test_returns_full_payload_under_10s" time="0.136" /><testcase classname="backend.tests.test_admin2_stats.TestStatsOverview" name="test_internal_cost_consistency" time="0.116"><failure message="AssertionError: summary_cost 2333.0501 vs sum(summary_models)=3258.29&#10;assert False&#10; +  where False = &lt;function TestStatsOverview.test_internal_cost_consistency.&lt;locals&gt;.close at 0xfd1b642d1760&gt;(2333.0501, 3258.29)">backend/tests/test_admin2_stats.py:93: in test_internal_cost_consistency
    assert close(s["summary_cost"], sm_sum), f"summary_cost {s['summary_cost']} vs sum(summary_models)={sm_sum}"
E   AssertionError: summary_cost 2333.0501 vs sum(summary_models)=3258.29
E   assert False
E    +  where False = &lt;function TestStatsOverview.test_internal_cost_consistency.&lt;locals&gt;.close at 0xfd1b642d1760&gt;(2333.0501, 3258.29)</failure></testcase><testcase classname="backend.tests.test_admin2_stats.TestStatsOverview" name="test_category_filter" time="0.060" /><testcase classname="backend.tests.test_admin2_stats.TestStatsOverview" name="test_force_param_kicks_backfill_fast" time="0.125" /><testcase classname="backend.tests.test_admin2_stats.TestBackfillEndpoint" name="test_backfill_started" time="0.051" /><testcase classname="backend.tests.test_admin2_stats.TestBackfillEndpoint" name="test_backfill_requires_auth" time="0.083" /><testcase classname="backend.tests.test_admin2_stats.TestMemoryEndpoint" name="test_valid_hours[6]" time="0.074" /><testcase classname="backend.tests.test_admin2_stats.TestMemoryEndpoint" name="test_valid_hours[24]" time="0.073" /><testcase classname="backend.tests.test_admin2_stats.TestMemoryEndpoint" name="test_valid_hours[168]" time="0.129" /><testcase classname="backend.tests.test_admin2_stats.TestMemoryEndpoint" name="test_hours_zero_rejected" time="0.056" /><testcase classname="backend.tests.test_admin2_stats.TestMemoryEndpoint" name="test_hours_over_max_rejected" time="0.084" /><testcase classname="backend.tests.test_admin2_stats.TestMemoryEndpoint" name="test_memory_requires_auth" time="0.052" /></testsuite></testsuites>