<?xml version="1.0" encoding="utf-8"?><testsuites name="pytest tests"><testsuite name="pytest" errors="0" failures="0" skipped="0" tests="12" time="1.517" timestamp="2026-06-02T20:25:15.395097+00:00" hostname="agent-env-eec7a509-43e5-4349-a2e2-b39fc0603f04"><testcase classname="backend.tests.test_admin2_refactor.TestDeletedEndpoints" name="test_old_timeseries_gone" time="0.490" /><testcase classname="backend.tests.test_admin2_refactor.TestDeletedEndpoints" name="test_old_stats_gone" time="0.057" /><testcase classname="backend.tests.test_admin2_refactor.TestCaching" name="test_second_call_served_from_cache" time="0.339" /><testcase classname="backend.tests.test_admin2_refactor.TestCaching" name="test_force_bypasses_cache" time="0.323" /><testcase classname="backend.tests.test_admin2_refactor.TestSingleSourceOfTruth" name="test_match_cost_sources_consistent" time="0.160" /><testcase classname="backend.tests.test_admin2_refactor.TestSingleSourceOfTruth" name="test_summary_cost_sources_consistent" time="0.000" /><testcase classname="backend.tests.test_admin2_refactor.TestSingleSourceOfTruth" name="test_total_cost_decomposition" time="0.000" /><testcase classname="backend.tests.test_admin2_refactor.TestSingleSourceOfTruth" name="test_total_papers_sources" time="0.000" /><testcase classname="backend.tests.test_admin2_refactor.TestSingleSourceOfTruth" name="test_total_matches_sources" time="0.000" /><testcase classname="backend.tests.test_admin2_refactor.TestSummaryModels" name="test_summary_models_count_and_cost" time="0.000" /><testcase classname="backend.tests.test_admin2_refactor.TestUserRegistrations" name="test_user_registrations_present_and_cumulative" time="0.000" /><testcase classname="backend.tests.test_admin2_refactor.TestCategoryFilter" name="test_cs_ai_scope" time="0.069" /></testsuite></testsuites>