<?xml version="1.0" encoding="utf-8"?><testsuites name="pytest tests"><testsuite name="pytest" errors="0" failures="0" skipped="0" tests="18" time="2.053" timestamp="2026-02-09T10:48:04.164246+00:00" hostname="agent-env-86237aed-22ab-43dd-aefc-0c0f5f8c9c38"><testcase classname="backend.tests.test_admin_improvements.TestAdminLogin" name="test_login_success" time="0.056" /><testcase classname="backend.tests.test_admin_improvements.TestAdminLogin" name="test_login_failure" time="0.037" /><testcase classname="backend.tests.test_admin_improvements.TestTimeseriesEndpoint" name="test_timeseries_returns_models_field" time="0.170" /><testcase classname="backend.tests.test_admin_improvements.TestTimeseriesEndpoint" name="test_timeseries_model_costs_sum_to_total" time="0.098" /><testcase classname="backend.tests.test_admin_improvements.TestTimeseriesEndpoint" name="test_timeseries_model_percentages_sum_to_100" time="0.096" /><testcase classname="backend.tests.test_admin_improvements.TestTimeseriesEndpoint" name="test_timeseries_has_series_data" time="0.095" /><testcase classname="backend.tests.test_admin_improvements.TestTimeseriesEndpoint" name="test_timeseries_requires_auth" time="0.075" /><testcase classname="backend.tests.test_admin_improvements.TestProgressEndpoint" name="test_progress_has_tournament_paused" time="0.079" /><testcase classname="backend.tests.test_admin_improvements.TestProgressEndpoint" name="test_progress_has_global_paused" time="0.083" /><testcase classname="backend.tests.test_admin_improvements.TestProgressEndpoint" name="test_progress_has_goal_tracking" time="0.073" /><testcase classname="backend.tests.test_admin_improvements.TestProgressEndpoint" name="test_progress_for_all_categories" time="0.394" /><testcase classname="backend.tests.test_admin_improvements.TestTournamentsEndpoint" name="test_tournaments_returns_list" time="0.038" /><testcase classname="backend.tests.test_admin_improvements.TestTournamentsEndpoint" name="test_tournaments_have_required_fields" time="0.041" /><testcase classname="backend.tests.test_admin_improvements.TestTournamentsEndpoint" name="test_tournament_pause_resume" time="0.081" /><testcase classname="backend.tests.test_admin_improvements.TestMissingFieldsHandling" name="test_timeseries_handles_missing_tokens" time="0.097" /><testcase classname="backend.tests.test_admin_improvements.TestMissingFieldsHandling" name="test_timeseries_handles_missing_created_at" time="0.167" /><testcase classname="backend.tests.test_admin_improvements.TestMissingFieldsHandling" name="test_stats_handles_missing_model_used" time="0.093" /><testcase classname="backend.tests.test_admin_improvements.TestDataConsistency" name="test_timeseries_excludes_experiment_matches" time="0.198" /></testsuite></testsuites>