<?xml version="1.0" encoding="utf-8"?><testsuites name="pytest tests"><testsuite name="pytest" errors="0" failures="0" skipped="0" tests="5" time="1.798" timestamp="2026-02-17T14:02:19.944397+00:00" hostname="agent-env-6382fc01-0367-4150-b524-3a94ee209cb1"><testcase classname="backend.tests.test_admin_overview_bugfixes.TestAdminOverviewBugFixes" name="test_admin_status_has_last_fetch_at" time="0.313" /><testcase classname="backend.tests.test_admin_overview_bugfixes.TestAdminOverviewBugFixes" name="test_check_new_papers_returns_real_count_and_source" time="0.464" /><testcase classname="backend.tests.test_admin_overview_bugfixes.TestAdminOverviewBugFixes" name="test_check_new_papers_different_categories_different_counts" time="0.452" /><testcase classname="backend.tests.test_admin_overview_bugfixes.TestAdminOverviewBugFixes" name="test_admin_status_recent_matches_has_loser_title" time="0.136" /><testcase classname="backend.tests.test_admin_overview_bugfixes.TestAdminOverviewBugFixes" name="test_admin_progress_has_correct_structure" time="0.372" /></testsuite></testsuites>