<?xml version="1.0" encoding="utf-8"?><testsuites name="pytest tests"><testsuite name="pytest" errors="0" failures="0" skipped="0" tests="12" time="1.665" timestamp="2026-03-25T10:35:12.545599+00:00" hostname="agent-env-378632d9-fdfe-4f95-b28c-562f7f6616a0"><testcase classname="backend.tests.test_ai_ranking_quality_scoring_methods.TestAIRankingQualityScoringMethods" name="test_ai_ranking_quality_returns_scoring_methods" time="0.207" /><testcase classname="backend.tests.test_ai_ranking_quality_scoring_methods.TestAIRankingQualityScoringMethods" name="test_ai_ranking_quality_returns_by_method" time="0.125" /><testcase classname="backend.tests.test_ai_ranking_quality_scoring_methods.TestAIRankingQualityScoringMethods" name="test_pooled_overlap_table_has_18_rows" time="0.114" /><testcase classname="backend.tests.test_ai_ranking_quality_scoring_methods.TestAIRankingQualityScoringMethods" name="test_pooled_overlap_table_has_all_k_tiers" time="0.125" /><testcase classname="backend.tests.test_ai_ranking_quality_scoring_methods.TestAIRankingQualityScoringMethods" name="test_pooled_overlap_table_has_all_gt_methods" time="0.114" /><testcase classname="backend.tests.test_ai_ranking_quality_scoring_methods.TestAIRankingQualityScoringMethods" name="test_by_method_bt_differs_from_win_rate" time="0.123" /><testcase classname="backend.tests.test_ai_ranking_quality_scoring_methods.TestAIRankingQualityScoringMethods" name="test_by_method_trueskill_differs_from_win_rate" time="0.108" /><testcase classname="backend.tests.test_ai_ranking_quality_scoring_methods.TestAIRankingQualityScoringMethods" name="test_per_dataset_has_by_method" time="0.112" /><testcase classname="backend.tests.test_ai_ranking_quality_scoring_methods.TestAIRankingQualityUnfilteredScoringMethods" name="test_unfiltered_returns_scoring_methods" time="0.120" /><testcase classname="backend.tests.test_ai_ranking_quality_scoring_methods.TestAIRankingQualityUnfilteredScoringMethods" name="test_unfiltered_returns_by_method" time="0.154" /><testcase classname="backend.tests.test_ai_ranking_quality_scoring_methods.TestAIRankingQualityUnfilteredScoringMethods" name="test_unfiltered_pooled_overlap_table_has_18_rows" time="0.115" /><testcase classname="backend.tests.test_ai_ranking_quality_scoring_methods.TestAIRankingQualityUnfilteredScoringMethods" name="test_unfiltered_pooled_overlap_table_has_all_k_tiers" time="0.167" /></testsuite></testsuites>