<?xml version="1.0" encoding="utf-8"?><testsuites name="pytest tests"><testsuite name="pytest" errors="0" failures="0" skipped="0" tests="18" time="4.499" timestamp="2026-02-08T14:34:55.206811+00:00" hostname="agent-env-84365c58-f8bb-49e7-9779-996e0e228e52"><testcase classname="tests.test_auth_suggestions.TestAuthRegister" name="test_register_success" time="0.614" /><testcase classname="tests.test_auth_suggestions.TestAuthRegister" name="test_register_duplicate_email" time="0.544" /><testcase classname="tests.test_auth_suggestions.TestAuthRegister" name="test_register_short_password" time="0.033" /><testcase classname="tests.test_auth_suggestions.TestAuthLogin" name="test_login_success" time="0.750" /><testcase classname="tests.test_auth_suggestions.TestAuthLogin" name="test_login_invalid_password" time="0.264" /><testcase classname="tests.test_auth_suggestions.TestAuthLogin" name="test_login_nonexistent_user" time="0.037" /><testcase classname="tests.test_auth_suggestions.TestAuthMe" name="test_me_with_valid_token" time="0.460" /><testcase classname="tests.test_auth_suggestions.TestAuthMe" name="test_me_without_token" time="0.035" /><testcase classname="tests.test_auth_suggestions.TestAuthMe" name="test_me_with_invalid_token" time="0.035" /><testcase classname="tests.test_auth_suggestions.TestAuthLogout" name="test_logout_success" time="0.635" /><testcase classname="tests.test_auth_suggestions.TestSuggestions" name="test_create_suggestion_requires_auth" time="0.031" /><testcase classname="tests.test_auth_suggestions.TestSuggestions" name="test_create_field_suggestion" time="0.485" /><testcase classname="tests.test_auth_suggestions.TestSuggestions" name="test_create_general_suggestion" time="0.037" /><testcase classname="tests.test_auth_suggestions.TestSuggestions" name="test_create_suggestion_invalid_type" time="0.038" /><testcase classname="tests.test_auth_suggestions.TestSuggestions" name="test_create_suggestion_empty_text" time="0.036" /><testcase classname="tests.test_auth_suggestions.TestAdminSuggestions" name="test_admin_suggestions_without_auth" time="0.075" /><testcase classname="tests.test_auth_suggestions.TestAdminSuggestions" name="test_admin_suggestions_with_auth" time="0.035" /><testcase classname="tests.test_auth_suggestions.TestExistingUserLogin" name="test_existing_user_login" time="0.259" /></testsuite></testsuites>