<?xml version="1.0" encoding="utf-8"?><testsuites name="pytest tests"><testsuite name="pytest" errors="0" failures="1" skipped="0" tests="18" time="7.087" timestamp="2026-02-08T14:33:53.884153+00:00" hostname="agent-env-84365c58-f8bb-49e7-9779-996e0e228e52"><testcase classname="tests.test_auth_suggestions.TestAuthRegister" name="test_register_success" time="3.307" /><testcase classname="tests.test_auth_suggestions.TestAuthRegister" name="test_register_duplicate_email" time="0.501" /><testcase classname="tests.test_auth_suggestions.TestAuthRegister" name="test_register_short_password" time="0.036" /><testcase classname="tests.test_auth_suggestions.TestAuthLogin" name="test_login_success" time="0.697" /><testcase classname="tests.test_auth_suggestions.TestAuthLogin" name="test_login_invalid_password" time="0.256" /><testcase classname="tests.test_auth_suggestions.TestAuthLogin" name="test_login_nonexistent_user" time="0.035" /><testcase classname="tests.test_auth_suggestions.TestAuthMe" name="test_me_with_valid_token" time="0.543" /><testcase classname="tests.test_auth_suggestions.TestAuthMe" name="test_me_without_token" time="0.035" /><testcase classname="tests.test_auth_suggestions.TestAuthMe" name="test_me_with_invalid_token" time="0.035" /><testcase classname="tests.test_auth_suggestions.TestAuthLogout" name="test_logout_success" time="0.550" /><testcase classname="tests.test_auth_suggestions.TestSuggestions" name="test_create_suggestion_requires_auth" time="0.031" /><testcase classname="tests.test_auth_suggestions.TestSuggestions" name="test_create_field_suggestion" time="0.488" /><testcase classname="tests.test_auth_suggestions.TestSuggestions" name="test_create_general_suggestion" time="0.036" /><testcase classname="tests.test_auth_suggestions.TestSuggestions" name="test_create_suggestion_invalid_type" time="0.034" /><testcase classname="tests.test_auth_suggestions.TestSuggestions" name="test_create_suggestion_empty_text" time="0.081" /><testcase classname="tests.test_auth_suggestions.TestAdminSuggestions" name="test_admin_suggestions_without_auth" time="0.038" /><testcase classname="tests.test_auth_suggestions.TestAdminSuggestions" name="test_admin_suggestions_with_auth" time="0.038"><failure message="AssertionError: Expected 200, got 403: {&quot;detail&quot;:&quot;Invalid admin credentials&quot;}&#10;assert 403 == 200&#10; +  where 403 = &lt;Response [403]&gt;.status_code">tests/test_auth_suggestions.py:294: in test_admin_suggestions_with_auth
    assert response.status_code == 200, f"Expected 200, got {response.status_code}: {response.text}"
E   AssertionError: Expected 200, got 403: {"detail":"Invalid admin credentials"}
E   assert 403 == 200
E    +  where 403 = &lt;Response [403]&gt;.status_code</failure></testcase><testcase classname="tests.test_auth_suggestions.TestExistingUserLogin" name="test_existing_user_login" time="0.258" /></testsuite></testsuites>