<?xml version="1.0" encoding="utf-8"?><testsuites name="pytest tests"><testsuite name="pytest" errors="0" failures="0" skipped="0" tests="6" time="27.619" timestamp="2026-02-09T13:48:23.217071+00:00" hostname="agent-env-064499a1-f21a-4ae4-bc61-480ef1308110"><testcase classname="tests.test_bugfixes_iter21.TestCategoryEstimateSettings" name="test_estimate_includes_settings_used_field" time="5.700" /><testcase classname="tests.test_bugfixes_iter21.TestCategoryEstimateSettings" name="test_estimate_weekly_matches_includes_topk_overhead" time="10.600" /><testcase classname="tests.test_bugfixes_iter21.TestCategoryEstimateSettings" name="test_estimate_for_different_categories" time="11.035" /><testcase classname="tests.test_bugfixes_iter21.TestAdminProgressEstimatedMatches" name="test_progress_returns_estimated_matches_remaining" time="0.072" /><testcase classname="tests.test_bugfixes_iter21.TestAdminProgressEstimatedMatches" name="test_progress_estimated_can_be_used_for_manual_matches" time="0.068" /><testcase classname="tests.test_bugfixes_iter21.TestPublicCategoriesEndpoint" name="test_public_categories_returns_six" time="0.043" /></testsuite></testsuites>