<?xml version="1.0" encoding="utf-8"?><testsuites name="pytest tests"><testsuite name="pytest" errors="0" failures="0" skipped="1" tests="14" time="3.339" timestamp="2026-02-09T15:53:39.315191+00:00" hostname="agent-env-1b0cc950-fde4-42ab-84d0-991674640ce4"><testcase classname="backend.tests.test_caching_category_mgmt.TestCachePerformance" name="test_categories_endpoint_fast" time="0.078" /><testcase classname="backend.tests.test_caching_category_mgmt.TestCachePerformance" name="test_tags_endpoint_fast" time="0.043" /><testcase classname="backend.tests.test_caching_category_mgmt.TestCachePerformance" name="test_leaderboard_category_fast" time="0.044" /><testcase classname="backend.tests.test_caching_category_mgmt.TestCachePerformance" name="test_leaderboard_different_category" time="0.043" /><testcase classname="backend.tests.test_caching_category_mgmt.TestCategoryManagement" name="test_add_category_creates_paused_tournament" time="0.252" /><testcase classname="backend.tests.test_caching_category_mgmt.TestCategoryManagement" name="test_tournament_resume_triggers_scheduler" time="0.244" /><testcase classname="backend.tests.test_caching_category_mgmt.TestCategoryManagement" name="test_remove_category" time="0.288" /><testcase classname="backend.tests.test_caching_category_mgmt.TestCategoryManagement" name="test_remove_last_category_protected" time="0.122"><skipped type="pytest.skip" message="More than one category active, can't test last-category protection">/app/backend/tests/test_caching_category_mgmt.py:272: More than one category active, can't test last-category protection</skipped></testcase><testcase classname="backend.tests.test_caching_category_mgmt.TestSettingsCacheInvalidation" name="test_settings_update_reflected" time="1.150" /><testcase classname="backend.tests.test_caching_category_mgmt.TestTournamentStatusEndpoint" name="test_get_tournaments_list" time="0.038" /><testcase classname="backend.tests.test_caching_category_mgmt.TestTournamentStatusEndpoint" name="test_invalid_status_rejected" time="0.079" /><testcase classname="backend.tests.test_caching_category_mgmt.TestTournamentStatusEndpoint" name="test_nonexistent_tournament_404" time="0.035" /><testcase classname="backend.tests.test_caching_category_mgmt.TestCategoriesServedFromCache" name="test_categories_consistent_across_calls" time="0.416" /><testcase classname="backend.tests.test_caching_category_mgmt.TestCategoriesServedFromCache" name="test_tags_consistent_across_calls" time="0.420" /></testsuite></testsuites>