<?xml version="1.0" encoding="utf-8"?><testsuites name="pytest tests"><testsuite name="pytest" errors="0" failures="0" skipped="0" tests="20" time="4.237" timestamp="2026-02-07T14:23:43.504566+00:00" hostname="agent-env-7744c101-93c1-488f-8d92-4f8e323070fe"><testcase classname="backend.tests.test_category_separation.TestCategorySeparation" name="test_categories_endpoint_returns_all_categories" time="2.860" /><testcase classname="backend.tests.test_category_separation.TestCategorySeparation" name="test_admin_status_different_for_each_category" time="0.091" /><testcase classname="backend.tests.test_category_separation.TestCategorySeparation" name="test_admin_stats_filtered_by_category" time="0.178" /><testcase classname="backend.tests.test_category_separation.TestCategorySeparation" name="test_admin_progress_per_category" time="0.094" /><testcase classname="backend.tests.test_category_separation.TestCategorySeparation" name="test_leaderboard_shows_category_specific_papers" time="0.069" /><testcase classname="backend.tests.test_category_separation.TestCategorySeparation" name="test_scheduler_status_per_category" time="0.088" /><testcase classname="backend.tests.test_category_separation.TestMatchmakingDistribution" name="test_match_counts_vary_for_robotics" time="0.036" /><testcase classname="backend.tests.test_category_separation.TestMatchmakingDistribution" name="test_top_papers_get_more_matches" time="0.036" /><testcase classname="backend.tests.test_category_separation.TestAPIEndpoints" name="test_health_endpoint" time="0.033" /><testcase classname="backend.tests.test_category_separation.TestAPIEndpoints" name="test_status_endpoint" time="0.046" /><testcase classname="backend.tests.test_category_separation.TestAPIEndpoints" name="test_admin_login_success" time="0.033" /><testcase classname="backend.tests.test_category_separation.TestAPIEndpoints" name="test_admin_login_failure" time="0.034" /><testcase classname="backend.tests.test_category_separation.TestAPIEndpoints" name="test_admin_settings_requires_auth" time="0.037" /><testcase classname="backend.tests.test_category_separation.TestAPIEndpoints" name="test_admin_settings_with_auth" time="0.036" /><testcase classname="backend.tests.test_category_separation.TestAPIEndpoints" name="test_admin_prompt_endpoint" time="0.036" /><testcase classname="backend.tests.test_category_separation.TestAPIEndpoints" name="test_admin_summary_prompt_endpoint" time="0.035" /><testcase classname="backend.tests.test_category_separation.TestAPIEndpoints" name="test_paper_detail_endpoint" time="0.089" /><testcase classname="backend.tests.test_category_separation.TestAPIEndpoints" name="test_paper_detail_404" time="0.078" /><testcase classname="backend.tests.test_category_separation.TestAPIEndpoints" name="test_model_correlation_endpoint" time="0.052" /><testcase classname="backend.tests.test_category_separation.TestAPIEndpoints" name="test_leaderboard_period_filters" time="0.117" /></testsuite></testsuites>