<?xml version="1.0" encoding="utf-8"?><testsuites name="pytest tests"><testsuite name="pytest" errors="0" failures="0" skipped="0" tests="20" time="25.610" timestamp="2026-02-09T13:26:57.259701+00:00" hostname="agent-env-064499a1-f21a-4ae4-bc61-480ef1308110"><testcase classname="backend.tests.test_category_management.TestArxivCategories" name="test_arxiv_categories_returns_155_categories" time="0.080" /><testcase classname="backend.tests.test_category_management.TestArxivCategories" name="test_category_structure" time="0.052" /><testcase classname="backend.tests.test_category_management.TestArxivCategories" name="test_active_categories_marked_correctly" time="0.058" /><testcase classname="backend.tests.test_category_management.TestArxivCategories" name="test_requires_admin_auth" time="0.042" /><testcase classname="backend.tests.test_category_management.TestCategoryAdd" name="test_add_category_success" time="0.260" /><testcase classname="backend.tests.test_category_management.TestCategoryAdd" name="test_add_invalid_category_fails" time="0.048" /><testcase classname="backend.tests.test_category_management.TestCategoryAdd" name="test_add_already_active_category_fails" time="0.131" /><testcase classname="backend.tests.test_category_management.TestCategoryAdd" name="test_add_requires_admin_auth" time="0.045" /><testcase classname="backend.tests.test_category_management.TestCategoryRemove" name="test_remove_category_success" time="0.237" /><testcase classname="backend.tests.test_category_management.TestCategoryRemove" name="test_remove_last_category_fails" time="0.047" /><testcase classname="backend.tests.test_category_management.TestCategoryRemove" name="test_remove_inactive_category_fails" time="0.086" /><testcase classname="backend.tests.test_category_management.TestCategoryRemove" name="test_remove_requires_admin_auth" time="0.041" /><testcase classname="backend.tests.test_category_management.TestCategoryEstimate" name="test_estimate_valid_category" time="15.886" /><testcase classname="backend.tests.test_category_management.TestCategoryEstimate" name="test_estimate_existing_category" time="7.740" /><testcase classname="backend.tests.test_category_management.TestCategoryEstimate" name="test_estimate_invalid_category" time="0.058" /><testcase classname="backend.tests.test_category_management.TestCategoryEstimate" name="test_estimate_requires_admin_auth" time="0.052" /><testcase classname="backend.tests.test_category_management.TestPublicCategories" name="test_categories_returns_active_list" time="0.044" /><testcase classname="backend.tests.test_category_management.TestPublicCategories" name="test_categories_matches_active_from_admin" time="0.087" /><testcase classname="backend.tests.test_category_management.TestPublicCategories" name="test_categories_dynamically_updates" time="0.311" /><testcase classname="backend.tests.test_category_management.TestLeaderboardWithCategories" name="test_leaderboard_works_with_existing_category" time="0.205" /></testsuite></testsuites>