<?xml version="1.0" encoding="utf-8"?><testsuites name="pytest tests"><testsuite name="pytest" errors="0" failures="1" skipped="0" tests="20" time="14.483" timestamp="2026-02-07T14:23:09.629416+00:00" hostname="agent-env-7744c101-93c1-488f-8d92-4f8e323070fe"><testcase classname="backend.tests.test_category_separation.TestCategorySeparation" name="test_categories_endpoint_returns_all_categories" time="12.847" /><testcase classname="backend.tests.test_category_separation.TestCategorySeparation" name="test_admin_status_different_for_each_category" time="0.138" /><testcase classname="backend.tests.test_category_separation.TestCategorySeparation" name="test_admin_stats_filtered_by_category" time="0.152" /><testcase classname="backend.tests.test_category_separation.TestCategorySeparation" name="test_admin_progress_per_category" time="0.097" /><testcase classname="backend.tests.test_category_separation.TestCategorySeparation" name="test_leaderboard_shows_category_specific_papers" time="0.077" /><testcase classname="backend.tests.test_category_separation.TestCategorySeparation" name="test_scheduler_status_per_category" time="0.093"><failure message="assert 0 != 0">backend/tests/test_category_separation.py:152: in test_scheduler_status_per_category
    assert ro_sched["papers_count"] != ph_sched["papers_count"]
E   assert 0 != 0</failure></testcase><testcase classname="backend.tests.test_category_separation.TestMatchmakingDistribution" name="test_match_counts_vary_for_robotics" time="0.041" /><testcase classname="backend.tests.test_category_separation.TestMatchmakingDistribution" name="test_top_papers_get_more_matches" time="0.034" /><testcase classname="backend.tests.test_category_separation.TestAPIEndpoints" name="test_health_endpoint" time="0.075" /><testcase classname="backend.tests.test_category_separation.TestAPIEndpoints" name="test_status_endpoint" time="0.043" /><testcase classname="backend.tests.test_category_separation.TestAPIEndpoints" name="test_admin_login_success" time="0.040" /><testcase classname="backend.tests.test_category_separation.TestAPIEndpoints" name="test_admin_login_failure" time="0.037" /><testcase classname="backend.tests.test_category_separation.TestAPIEndpoints" name="test_admin_settings_requires_auth" time="0.070" /><testcase classname="backend.tests.test_category_separation.TestAPIEndpoints" name="test_admin_settings_with_auth" time="0.032" /><testcase classname="backend.tests.test_category_separation.TestAPIEndpoints" name="test_admin_prompt_endpoint" time="0.073" /><testcase classname="backend.tests.test_category_separation.TestAPIEndpoints" name="test_admin_summary_prompt_endpoint" time="0.036" /><testcase classname="backend.tests.test_category_separation.TestAPIEndpoints" name="test_paper_detail_endpoint" time="0.093" /><testcase classname="backend.tests.test_category_separation.TestAPIEndpoints" name="test_paper_detail_404" time="0.038" /><testcase classname="backend.tests.test_category_separation.TestAPIEndpoints" name="test_model_correlation_endpoint" time="0.058" /><testcase classname="backend.tests.test_category_separation.TestAPIEndpoints" name="test_leaderboard_period_filters" time="0.105" /></testsuite></testsuites>