<?xml version="1.0" encoding="utf-8"?><testsuites name="pytest tests"><testsuite name="pytest" errors="0" failures="0" skipped="0" tests="10" time="35.668" timestamp="2026-01-10T17:41:47.359099+00:00" hostname="agent-env-c877b057-bb8c-49c4-afe9-90c11b4b0359"><testcase classname="tests.test_citation_keywords_confidence.TestAPIHealth" name="test_api_root" time="0.053" /><testcase classname="tests.test_citation_keywords_confidence.TestCitationCounts" name="test_search_returns_citation_counts" time="0.289" /><testcase classname="tests.test_citation_keywords_confidence.TestCitationCounts" name="test_citation_count_in_tournament_papers" time="0.356" /><testcase classname="tests.test_citation_keywords_confidence.TestKeywordsAsTitle" name="test_search_query_becomes_category_name" time="0.352" /><testcase classname="tests.test_citation_keywords_confidence.TestKeywordsAsTitle" name="test_category_name_in_tournament_list" time="0.458" /><testcase classname="tests.test_citation_keywords_confidence.TestKeywordsAsTitle" name="test_no_search_prefix_in_history" time="0.479" /><testcase classname="tests.test_citation_keywords_confidence.TestConfidenceAffectsEstimates" name="test_confidence_multiplier_formula" time="0.000" /><testcase classname="tests.test_citation_keywords_confidence.TestConfidenceAffectsEstimates" name="test_higher_confidence_more_comparisons" time="0.436" /><testcase classname="tests.test_citation_keywords_confidence.TestConfidenceAffectsEstimates" name="test_ucb_config_stores_confidence_level" time="0.446" /><testcase classname="tests.test_citation_keywords_confidence.TestResultsPageCitations" name="test_results_include_paper_citations" time="32.746" /></testsuite></testsuites>