<?xml version="1.0" encoding="utf-8"?><testsuites name="pytest tests"><testsuite name="pytest" errors="0" failures="1" skipped="0" tests="10" time="40.411" timestamp="2026-01-10T17:37:00.809916+00:00" hostname="agent-env-c877b057-bb8c-49c4-afe9-90c11b4b0359"><testcase classname="tests.test_citation_keywords_confidence.TestAPIHealth" name="test_api_root" time="0.099" /><testcase classname="tests.test_citation_keywords_confidence.TestCitationCounts" name="test_search_returns_citation_counts" time="0.393" /><testcase classname="tests.test_citation_keywords_confidence.TestCitationCounts" name="test_citation_count_in_tournament_papers" time="0.715" /><testcase classname="tests.test_citation_keywords_confidence.TestKeywordsAsTitle" name="test_search_query_becomes_category_name" time="1.056" /><testcase classname="tests.test_citation_keywords_confidence.TestKeywordsAsTitle" name="test_category_name_in_tournament_list" time="0.701" /><testcase classname="tests.test_citation_keywords_confidence.TestKeywordsAsTitle" name="test_no_search_prefix_in_history" time="0.701" /><testcase classname="tests.test_citation_keywords_confidence.TestConfidenceAffectsEstimates" name="test_confidence_multiplier_formula" time="0.000" /><testcase classname="tests.test_citation_keywords_confidence.TestConfidenceAffectsEstimates" name="test_higher_confidence_more_comparisons" time="0.709" /><testcase classname="tests.test_citation_keywords_confidence.TestConfidenceAffectsEstimates" name="test_ucb_config_stores_confidence_level" time="0.762" /><testcase classname="tests.test_citation_keywords_confidence.TestResultsPageCitations" name="test_results_include_paper_citations" time="35.181"><failure message="AssertionError: Results papers should have citation_count&#10;assert 'citation_count' in {'arxiv_id': '1608.04434v1', 'id': 'f6f0909d-fd4c-42b8-a43a-3fb19564fede', 'link': 'http://arxiv.org/abs/1608.04434v1', 'title': 'Natural Language Processing using Hadoop and KOSHIK'}">tests/test_citation_keywords_confidence.py:375: in test_results_include_paper_citations
    assert "citation_count" in paper, "Results papers should have citation_count"
E   AssertionError: Results papers should have citation_count
E   assert 'citation_count' in {'arxiv_id': '1608.04434v1', 'id': 'f6f0909d-fd4c-42b8-a43a-3fb19564fede', 'link': 'http://arxiv.org/abs/1608.04434v1', 'title': 'Natural Language Processing using Hadoop and KOSHIK'}</failure></testcase></testsuite></testsuites>