<?xml version="1.0" encoding="utf-8"?><testsuites name="pytest tests"><testsuite name="pytest" errors="0" failures="0" skipped="0" tests="14" time="2.602" timestamp="2026-03-09T21:17:01.503703+00:00" hostname="agent-env-b04d3d97-7ab9-4650-a0a7-209e9d6148dd"><testcase classname="backend.tests.test_deployment_readiness.TestHealthAndBasics" name="test_health_endpoint" time="0.220" /><testcase classname="backend.tests.test_deployment_readiness.TestHealthAndBasics" name="test_security_headers_present" time="0.115" /><testcase classname="backend.tests.test_deployment_readiness.TestCategoriesAPI" name="test_get_categories" time="0.144" /><testcase classname="backend.tests.test_deployment_readiness.TestLeaderboardAPI" name="test_leaderboard_robotics" time="0.153" /><testcase classname="backend.tests.test_deployment_readiness.TestLeaderboardAPI" name="test_leaderboard_distributed_computing" time="0.114" /><testcase classname="backend.tests.test_deployment_readiness.TestLeaderboardAPI" name="test_leaderboard_economics" time="0.111" /><testcase classname="backend.tests.test_deployment_readiness.TestLeaderboardAPI" name="test_leaderboard_period_filter" time="0.441" /><testcase classname="backend.tests.test_deployment_readiness.TestValidationDatasetsAPI" name="test_get_validation_datasets" time="0.343" /><testcase classname="backend.tests.test_deployment_readiness.TestPaperDetailAPI" name="test_paper_detail_with_real_paper" time="0.308" /><testcase classname="backend.tests.test_deployment_readiness.TestAdminLogin" name="test_admin_login_success" time="0.104" /><testcase classname="backend.tests.test_deployment_readiness.TestAdminLogin" name="test_admin_login_failure" time="0.128" /><testcase classname="backend.tests.test_deployment_readiness.TestTagsAPI" name="test_get_tags" time="0.114" /><testcase classname="backend.tests.test_deployment_readiness.TestPromptsAPI" name="test_get_prompts" time="0.116" /><testcase classname="backend.tests.test_deployment_readiness.TestStatusAPI" name="test_get_status" time="0.107" /></testsuite></testsuites>