<?xml version="1.0" encoding="utf-8"?><testsuites name="pytest tests"><testsuite name="pytest" errors="0" failures="0" skipped="1" tests="7" time="1.577" timestamp="2026-06-11T08:11:34.300142+00:00" hostname="agent-env-56bf53ae-3b4b-4a0c-9d1d-3ac563949028"><testcase classname="backend.tests.test_dynamic_rank.TestDynamicRank" name="test_category_ranks_sequential_by_ts_score" time="0.279" /><testcase classname="backend.tests.test_dynamic_rank.TestDynamicRank" name="test_show_all_ranks_sequential" time="0.371" /><testcase classname="backend.tests.test_dynamic_rank.TestDynamicRank" name="test_page2_via_cursor_continues_ranks" time="0.196" /><testcase classname="backend.tests.test_dynamic_rank.TestDynamicRank" name="test_page2_via_offset_continues_ranks" time="0.135" /><testcase classname="backend.tests.test_dynamic_rank.TestDynamicRank" name="test_custom_sort_sequential_ranks" time="0.125" /><testcase classname="backend.tests.test_dynamic_rank.TestDynamicRank" name="test_search_sequential_ranks" time="0.171" /><testcase classname="backend.tests.test_dynamic_rank.TestDynamicRank" name="test_paper_detail_current_rank_dynamic" time="0.229"><skipped type="pytest.skip" message="no papers found in DB">/app/backend/tests/test_dynamic_rank.py:147: no papers found in DB</skipped></testcase></testsuite></testsuites>