<?xml version="1.0" encoding="utf-8"?><testsuites name="pytest tests"><testsuite name="pytest" errors="0" failures="0" skipped="0" tests="11" time="2.077" timestamp="2026-04-28T07:36:58.664564+00:00" hostname="agent-env-b1b952db-573a-4026-8252-0e15ddbf8866"><testcase classname="backend.tests.test_email_outreach.TestTemplates" name="test_get_default_template" time="0.345" /><testcase classname="backend.tests.test_email_outreach.TestTemplates" name="test_save_custom_template" time="0.231" /><testcase classname="backend.tests.test_email_outreach.TestGmailStatus" name="test_gmail_status_authorized_field" time="0.147" /><testcase classname="backend.tests.test_email_outreach.TestMedalists" name="test_medalists_monthly" time="0.152" /><testcase classname="backend.tests.test_email_outreach.TestMedalists" name="test_medalists_invalid_period" time="0.109" /><testcase classname="backend.tests.test_email_outreach.TestManualEmails" name="test_set_emails_manually" time="0.331" /><testcase classname="backend.tests.test_email_outreach.TestExtractEmails" name="test_extract_emails_unknown_paper" time="0.109" /><testcase classname="backend.tests.test_email_outreach.TestExtractEmails" name="test_extract_emails_batch_empty" time="0.109" /><testcase classname="backend.tests.test_email_outreach.TestExtractEmails" name="test_extract_emails_batch_structure" time="0.225" /><testcase classname="backend.tests.test_email_outreach.TestHistory" name="test_get_history" time="0.134" /><testcase classname="backend.tests.test_email_outreach.TestAuth" name="test_no_auth_rejected" time="0.102" /></testsuite></testsuites>