<?xml version="1.0" encoding="utf-8"?><testsuites name="pytest tests"><testsuite name="pytest" errors="0" failures="0" skipped="0" tests="10" time="22.939" timestamp="2026-02-28T18:23:22.782505+00:00" hostname="agent-env-e78e41a6-44d7-4e44-a9b3-dca2bb080286"><testcase classname="backend.tests.test_ensemble_modes.TestAvailableModes" name="test_available_modes_includes_majority" time="0.226" /><testcase classname="backend.tests.test_ensemble_modes.TestAvailableModes" name="test_available_modes_includes_unanimity" time="0.181" /><testcase classname="backend.tests.test_ensemble_modes.TestPairwiseResults" name="test_majority_pairwise_results" time="0.278" /><testcase classname="backend.tests.test_ensemble_modes.TestPairwiseResults" name="test_unanimity_pairwise_results" time="0.390" /><testcase classname="backend.tests.test_ensemble_modes.TestAgreementAnalysis" name="test_majority_agreement" time="0.223" /><testcase classname="backend.tests.test_ensemble_modes.TestAgreementAnalysis" name="test_unanimity_agreement" time="0.197" /><testcase classname="backend.tests.test_ensemble_modes.TestAgreementAnalysis" name="test_unanimity_accuracy_higher_than_majority" time="0.214" /><testcase classname="backend.tests.test_ensemble_modes.TestConvergence" name="test_majority_convergence" time="0.594" /><testcase classname="backend.tests.test_ensemble_modes.TestConvergence" name="test_unanimity_convergence" time="0.620" /><testcase classname="backend.tests.test_ensemble_modes.TestConvergence" name="test_convergence_all_includes_ensemble_modes" time="19.935" /></testsuite></testsuites>