<?xml version="1.0" encoding="utf-8"?><testsuites name="pytest tests"><testsuite name="pytest" errors="0" failures="0" skipped="0" tests="13" time="4.779" timestamp="2026-02-12T13:28:15.065982+00:00" hostname="agent-env-4ce26da3-a05d-4d4e-a3f7-485c69cfd9d5"><testcase classname="backend.tests.test_extraction_stats.TestExtractionStatsEndpoint" name="test_extraction_stats_returns_200" time="4.205" /><testcase classname="backend.tests.test_extraction_stats.TestExtractionStatsEndpoint" name="test_extraction_stats_has_sample_papers" time="0.043" /><testcase classname="backend.tests.test_extraction_stats.TestExtractionStatsEndpoint" name="test_sample_papers_has_up_to_50_entries" time="0.045" /><testcase classname="backend.tests.test_extraction_stats.TestExtractionStatsEndpoint" name="test_sample_paper_has_required_fields" time="0.044" /><testcase classname="backend.tests.test_extraction_stats.TestExtractionStatsEndpoint" name="test_sample_paper_field_types" time="0.040" /><testcase classname="backend.tests.test_extraction_stats.TestExtractionStatsEndpoint" name="test_sections_found_value_range" time="0.041" /><testcase classname="backend.tests.test_extraction_stats.TestExtractionByCategoryTable" name="test_by_category_present" time="0.038" /><testcase classname="backend.tests.test_extraction_stats.TestExtractionByCategoryTable" name="test_by_category_structure" time="0.040" /><testcase classname="backend.tests.test_extraction_stats.TestSectionExtractionRatesOverall" name="test_overall_section_rates_present" time="0.039" /><testcase classname="backend.tests.test_extraction_stats.TestSectionExtractionRatesOverall" name="test_overall_section_has_rate_fields" time="0.039" /><testcase classname="backend.tests.test_extraction_stats.TestOverviewCards" name="test_papers_with_text_present" time="0.036" /><testcase classname="backend.tests.test_extraction_stats.TestOverviewCards" name="test_all_headers_found_present" time="0.041" /><testcase classname="backend.tests.test_extraction_stats.TestOverviewCards" name="test_extraction_ratio_present" time="0.037" /></testsuite></testsuites>