<?xml version="1.0" encoding="utf-8"?><testsuites name="pytest tests"><testsuite name="pytest" errors="0" failures="0" skipped="0" tests="18" time="1.315" timestamp="2026-02-09T20:40:04.271096+00:00" hostname="agent-env-4f11422f-5a28-4ef2-a19b-f7b469731bd2"><testcase classname="backend.tests.test_filter_optimization.TestShowAllOptimization" name="test_show_all_period_all_returns_correct_data" time="0.166" /><testcase classname="backend.tests.test_filter_optimization.TestShowAllOptimization" name="test_show_all_period_recent_filters_correctly" time="0.098" /><testcase classname="backend.tests.test_filter_optimization.TestShowAllOptimization" name="test_show_all_period_week_filters_correctly" time="0.047" /><testcase classname="backend.tests.test_filter_optimization.TestShowAllOptimization" name="test_show_all_period_month_filters_correctly" time="0.055" /><testcase classname="backend.tests.test_filter_optimization.TestShowAllOptimization" name="test_show_all_response_time_under_200ms" time="0.053" /><testcase classname="backend.tests.test_filter_optimization.TestShowAllOptimization" name="test_show_all_no_full_data_leak" time="0.055" /><testcase classname="backend.tests.test_filter_optimization.TestTagQueryCaching" name="test_tags_cs_cv_returns_correct_data" time="0.050" /><testcase classname="backend.tests.test_filter_optimization.TestTagQueryCaching" name="test_tags_cached_second_call_fast" time="0.087" /><testcase classname="backend.tests.test_filter_optimization.TestTagQueryCaching" name="test_tags_or_mode_returns_union" time="0.126" /><testcase classname="backend.tests.test_filter_optimization.TestTagQueryCaching" name="test_tags_and_mode_returns_intersection" time="0.072" /><testcase classname="backend.tests.test_filter_optimization.TestTagQueryCaching" name="test_tags_no_full_data_leak" time="0.095" /><testcase classname="backend.tests.test_filter_optimization.TestGlobalStats" name="test_global_stats_includes_global_fields" time="0.039" /><testcase classname="backend.tests.test_filter_optimization.TestGlobalStats" name="test_global_stats_false_no_global_fields" time="0.039" /><testcase classname="backend.tests.test_filter_optimization.TestPagination" name="test_pagination_works_show_all" time="0.040" /><testcase classname="backend.tests.test_filter_optimization.TestPagination" name="test_pagination_offset_returns_different_papers" time="0.075" /><testcase classname="backend.tests.test_filter_optimization.TestNormalCategoryView" name="test_category_view_still_works" time="0.045" /><testcase classname="backend.tests.test_filter_optimization.TestTagsAndCategoriesEndpoints" name="test_tags_endpoint_returns_tags" time="0.037" /><testcase classname="backend.tests.test_filter_optimization.TestTagsAndCategoriesEndpoints" name="test_categories_endpoint_returns_categories" time="0.050" /></testsuite></testsuites>