<?xml version="1.0" encoding="utf-8"?><testsuites name="pytest tests"><testsuite name="pytest" errors="0" failures="0" skipped="0" tests="11" time="2.384" timestamp="2026-04-05T19:18:41.737387+00:00" hostname="agent-env-2e09f91b-ed55-4ff8-9ee4-1ad856e95d80"><testcase classname="backend.tests.test_ghost_match_fix_diagnostics.TestAdminAuthentication" name="test_admin_login_success" time="0.143" /><testcase classname="backend.tests.test_ghost_match_fix_diagnostics.TestAdminAuthentication" name="test_admin_login_invalid_password" time="0.148" /><testcase classname="backend.tests.test_ghost_match_fix_diagnostics.TestProgressEndpoint" name="test_progress_returns_required_fields" time="0.286" /><testcase classname="backend.tests.test_ghost_match_fix_diagnostics.TestProgressEndpoint" name="test_progress_goal_fields" time="0.145" /><testcase classname="backend.tests.test_ghost_match_fix_diagnostics.TestSchedulerDiagnostics" name="test_scheduler_diagnostics_returns_required_fields" time="0.105" /><testcase classname="backend.tests.test_ghost_match_fix_diagnostics.TestDiagnosePairs" name="test_diagnose_pairs_returns_required_fields" time="0.119" /><testcase classname="backend.tests.test_ghost_match_fix_diagnostics.TestReconcileRankings" name="test_reconcile_rankings_returns_status" time="0.816" /><testcase classname="backend.tests.test_ghost_match_fix_diagnostics.TestUniqueOpponentsField" name="test_unique_opponents_exists_on_rankings" time="0.145" /><testcase classname="backend.tests.test_ghost_match_fix_diagnostics.TestStallDetectionLogic" name="test_stall_detection_logic" time="0.183" /><testcase classname="backend.tests.test_ghost_match_fix_diagnostics.TestSchedulerAutoRestart" name="test_scheduler_loop_alive" time="0.106" /><testcase classname="backend.tests.test_ghost_match_fix_diagnostics.TestHealthEndpoint" name="test_health_endpoint" time="0.104" /></testsuite></testsuites>