<?xml version="1.0" encoding="utf-8"?><testsuites name="pytest tests"><testsuite name="pytest" errors="0" failures="0" skipped="0" tests="12" time="1.423" timestamp="2026-02-09T12:08:48.583044+00:00" hostname="agent-env-064499a1-f21a-4ae4-bc61-480ef1308110"><testcase classname="backend.tests.test_goal3_convergence_fix.TestGoal3CappedPapersExcluded" name="test_cs_ro_goal3_excludes_capped_papers" time="0.087" /><testcase classname="backend.tests.test_goal3_convergence_fix.TestGoal3CappedPapersExcluded" name="test_cs_ro_goal3_total_less_than_45" time="0.068" /><testcase classname="backend.tests.test_goal3_convergence_fix.TestGoal3CappedPapersExcluded" name="test_cs_dc_goals_met_still_true" time="0.062" /><testcase classname="backend.tests.test_goal3_convergence_fix.TestGoal3CappedPapersExcluded" name="test_econ_gn_goals_met_still_true" time="0.054" /><testcase classname="backend.tests.test_goal3_convergence_fix.TestProgressExcludesExperimentMatches" name="test_cs_ro_total_matches_reduced" time="0.067" /><testcase classname="backend.tests.test_goal3_convergence_fix.TestProgressExcludesExperimentMatches" name="test_match_counts_filtered_by_primary_category" time="0.134" /><testcase classname="backend.tests.test_goal3_convergence_fix.TestSchedulerStatus" name="test_scheduler_status_for_all_categories" time="0.066" /><testcase classname="backend.tests.test_goal3_convergence_fix.TestSchedulerStatus" name="test_scheduler_status_cs_ro_paused" time="0.068" /><testcase classname="backend.tests.test_goal3_convergence_fix.TestSchedulerStatus" name="test_scheduler_status_other_categories_idle" time="0.171" /><testcase classname="backend.tests.test_goal3_convergence_fix.TestGoalsMeetConsistency" name="test_goals_met_consistency_across_endpoints" time="0.212" /><testcase classname="backend.tests.test_goal3_convergence_fix.TestGoalsMeetConsistency" name="test_cs_ro_shows_correct_goal3_state" time="0.106" /><testcase classname="backend.tests.test_goal3_convergence_fix.TestAllCategoriesGoal3Summary" name="test_all_categories_goal3_summary" time="0.272" /></testsuite></testsuites>