<?xml version="1.0" encoding="utf-8"?><testsuites name="pytest tests"><testsuite name="pytest" errors="0" failures="0" skipped="0" tests="7" time="27.631" timestamp="2026-05-29T13:08:58.886049+00:00" hostname="agent-env-d0e09c26-0253-419e-a7b9-dccc8abaea5a"><testcase classname="backend.tests.test_homepage_redesign.TestHomepageStats" name="test_stats_200_and_schema" time="4.637" /><testcase classname="backend.tests.test_homepage_redesign.TestHomepageStats" name="test_stats_values_reasonable" time="4.573" /><testcase classname="backend.tests.test_homepage_redesign.TestHomepageStats" name="test_top_papers_have_required_fields" time="4.647" /><testcase classname="backend.tests.test_homepage_redesign.TestHomepageStats" name="test_top_categories_have_required_fields" time="4.384" /><testcase classname="backend.tests.test_homepage_redesign.TestHomepageStats" name="test_categories_list_non_empty" time="4.675" /><testcase classname="backend.tests.test_homepage_redesign.TestHomepageStats" name="test_no_mongo_id_leakage" time="4.494" /><testcase classname="backend.tests.test_homepage_redesign.TestHomepagePersonas" name="test_personas_200" time="0.145" /></testsuite></testsuites>