<?xml version="1.0" encoding="utf-8"?><testsuites name="pytest tests"><testsuite name="pytest" errors="0" failures="0" skipped="0" tests="6" time="0.927" timestamp="2026-02-08T13:41:40.768758+00:00" hostname="agent-env-84365c58-f8bb-49e7-9779-996e0e228e52"><testcase classname="tests.test_infinite_scroll_status_categories.TestPaperCategories" name="test_paper_detail_includes_categories" time="0.146" /><testcase classname="tests.test_infinite_scroll_status_categories.TestPaperCategories" name="test_paper_with_multiple_categories" time="0.288" /><testcase classname="tests.test_infinite_scroll_status_categories.TestStatusBarCount" name="test_recent_period_different_count" time="0.034" /><testcase classname="tests.test_infinite_scroll_status_categories.TestStatusBarCount" name="test_all_time_same_count" time="0.034" /><testcase classname="tests.test_infinite_scroll_status_categories.TestInfiniteScrollData" name="test_show_all_returns_250_papers" time="0.186" /><testcase classname="tests.test_infinite_scroll_status_categories.TestInfiniteScrollData" name="test_papers_have_required_fields" time="0.185" /></testsuite></testsuites>