<?xml version="1.0" encoding="utf-8"?><testsuites name="pytest tests"><testsuite name="pytest" errors="0" failures="0" skipped="1" tests="12" time="5.885" timestamp="2026-05-12T21:02:35.129602+00:00" hostname="agent-env-b142d562-1a48-4502-b0fc-d919ae709440"><testcase classname="backend.tests.test_kurate_changes_iter62" name="test_health_ok" time="0.292" /><testcase classname="backend.tests.test_kurate_changes_iter62" name="test_categories_returns_group_and_new_categories" time="0.171" /><testcase classname="backend.tests.test_kurate_changes_iter62" name="test_categories_sort_first5_admin_rest_alpha_by_group_then_name" time="0.189" /><testcase classname="backend.tests.test_kurate_changes_iter62" name="test_admin_login_success" time="0.180" /><testcase classname="backend.tests.test_kurate_changes_iter62" name="test_admin_login_wrong_password" time="0.200" /><testcase classname="backend.tests.test_kurate_changes_iter62" name="test_scheduler_diagnostics_leader_fields" time="0.229" /><testcase classname="backend.tests.test_kurate_changes_iter62" name="test_restart_history" time="0.167" /><testcase classname="backend.tests.test_kurate_changes_iter62" name="test_system_logs_event_filter" time="0.199" /><testcase classname="backend.tests.test_kurate_changes_iter62" name="test_user_registrations_endpoint" time="0.273" /><testcase classname="backend.tests.test_kurate_changes_iter62" name="test_admin_users_pagination_differs" time="0.326" /><testcase classname="backend.tests.test_kurate_changes_iter62" name="test_toggle_new_category_idempotent" time="3.218" /><testcase classname="backend.tests.test_kurate_changes_iter62" name="test_archive_dedup_migration_flag" time="0.352"><skipped type="pytest.skip" message="db-explorer settings endpoint not available; flag check skipped">/app/backend/tests/test_kurate_changes_iter62.py:206: db-explorer settings endpoint not available; flag check skipped</skipped></testcase></testsuite></testsuites>