<?xml version="1.0" encoding="utf-8"?><testsuites name="pytest tests"><testsuite name="pytest" errors="0" failures="0" skipped="0" tests="8" time="1.129" timestamp="2026-05-16T13:47:25.446148+00:00" hostname="agent-env-d6657541-6dc6-448d-b15a-45a50738dfe7"><testcase classname="backend.tests.test_sigma_convergence_iter63" name="test_health" time="0.222" /><testcase classname="backend.tests.test_sigma_convergence_iter63" name="test_leaderboard_ci_is_elo_points" time="0.089" /><testcase classname="backend.tests.test_sigma_convergence_iter63" name="test_leaderboard_ci_distribution_range" time="0.101" /><testcase classname="backend.tests.test_sigma_convergence_iter63" name="test_leaderboard_sort_by_wilson_margin" time="0.107" /><testcase classname="backend.tests.test_sigma_convergence_iter63" name="test_fewer_matches_higher_ci_trend" time="0.111" /><testcase classname="backend.tests.test_sigma_convergence_iter63" name="test_admin_progress_sigma_labels" time="0.234" /><testcase classname="backend.tests.test_sigma_convergence_iter63" name="test_admin_progress_estimated_matches" time="0.111" /><testcase classname="backend.tests.test_sigma_convergence_iter63" name="test_admin_settings_sigma_targets" time="0.075" /></testsuite></testsuites>