<?xml version="1.0" encoding="utf-8"?><testsuites name="pytest tests"><testsuite name="pytest" errors="0" failures="0" skipped="0" tests="6" time="2.556" timestamp="2026-06-10T20:54:27.283136+00:00" hostname="agent-env-56bf53ae-3b4b-4a0c-9d1d-3ac563949028"><testcase classname="backend.tests.test_leaderboard_pagination.TestCategoryCursorPagination" name="test_initial_load_returns_cursor" time="0.171" /><testcase classname="backend.tests.test_leaderboard_pagination.TestCategoryCursorPagination" name="test_cursor_pagination_chain" time="0.077" /><testcase classname="backend.tests.test_leaderboard_pagination.TestCategoryCursorPagination" name="test_offset_fallback_when_custom_sort" time="0.186" /><testcase classname="backend.tests.test_leaderboard_pagination.TestShowAllActiveCategories" name="test_show_all_excludes_inactive_categories" time="0.161" /><testcase classname="backend.tests.test_leaderboard_pagination.TestShowAllActiveCategories" name="test_show_all_total_papers_matches_active_only" time="1.205" /><testcase classname="backend.tests.test_leaderboard_pagination.TestShowAllActiveCategories" name="test_show_all_cursor_pagination" time="0.685" /></testsuite></testsuites>