<?xml version="1.0" encoding="utf-8"?><testsuites name="pytest tests"><testsuite name="pytest" errors="0" failures="2" skipped="0" tests="26" time="2.312" timestamp="2026-02-09T12:57:30.881638+00:00" hostname="agent-env-064499a1-f21a-4ae4-bc61-480ef1308110"><testcase classname="backend.tests.test_match_count_consistency.TestMatchCountConsistency" name="test_admin_status_match_count[cs.RO-3774]" time="0.105" /><testcase classname="backend.tests.test_match_count_consistency.TestMatchCountConsistency" name="test_admin_status_match_count[cs.DC-2828]" time="0.057" /><testcase classname="backend.tests.test_match_count_consistency.TestMatchCountConsistency" name="test_admin_status_match_count[econ.GN-2182]" time="0.073" /><testcase classname="backend.tests.test_match_count_consistency.TestMatchCountConsistency" name="test_admin_status_match_count[physics.comp-ph-2305]" time="0.066" /><testcase classname="backend.tests.test_match_count_consistency.TestMatchCountConsistency" name="test_admin_status_match_count[q-bio.BM-1897]" time="0.145" /><testcase classname="backend.tests.test_match_count_consistency.TestMatchCountConsistency" name="test_admin_progress_match_count[cs.RO-3774]" time="0.082" /><testcase classname="backend.tests.test_match_count_consistency.TestMatchCountConsistency" name="test_admin_progress_match_count[cs.DC-2828]" time="0.060" /><testcase classname="backend.tests.test_match_count_consistency.TestMatchCountConsistency" name="test_admin_progress_match_count[econ.GN-2182]" time="0.067" /><testcase classname="backend.tests.test_match_count_consistency.TestMatchCountConsistency" name="test_admin_progress_match_count[physics.comp-ph-2305]" time="0.063" /><testcase classname="backend.tests.test_match_count_consistency.TestMatchCountConsistency" name="test_admin_progress_match_count[q-bio.BM-1897]" time="0.056" /><testcase classname="backend.tests.test_match_count_consistency.TestMatchCountConsistency" name="test_leaderboard_match_count[cs.RO-3774]" time="0.035" /><testcase classname="backend.tests.test_match_count_consistency.TestMatchCountConsistency" name="test_leaderboard_match_count[cs.DC-2828]" time="0.039" /><testcase classname="backend.tests.test_match_count_consistency.TestMatchCountConsistency" name="test_leaderboard_match_count[econ.GN-2182]" time="0.035" /><testcase classname="backend.tests.test_match_count_consistency.TestMatchCountConsistency" name="test_leaderboard_match_count[physics.comp-ph-2305]" time="0.045" /><testcase classname="backend.tests.test_match_count_consistency.TestMatchCountConsistency" name="test_leaderboard_match_count[q-bio.BM-1897]" time="0.038" /><testcase classname="backend.tests.test_match_count_consistency.TestMatchCountConsistency" name="test_all_views_match_for_csro" time="0.217" /><testcase classname="backend.tests.test_match_count_consistency.TestMatchCountConsistency" name="test_all_views_match_for_csdc" time="0.151" /><testcase classname="backend.tests.test_match_count_consistency.TestMatchCountConsistency" name="test_all_views_match_for_econgn" time="0.154" /><testcase classname="backend.tests.test_match_count_consistency.TestSchedulerStatus" name="test_csro_not_goals_met_idle" time="0.058"><failure message="AssertionError: cs.RO should show 'Tournament paused', got: Idle&#10;assert 'paused' in 'idle'&#10; +  where 'idle' = &lt;built-in method lower of str object at 0xfd4ac6c02770&gt;()&#10; +    where &lt;built-in method lower of str object at 0xfd4ac6c02770&gt; = 'Idle'.lower">backend/tests/test_match_count_consistency.py:138: in test_csro_not_goals_met_idle
    assert "paused" in scheduler_cats["cs.RO"].lower(), \
E   AssertionError: cs.RO should show 'Tournament paused', got: Idle
E   assert 'paused' in 'idle'
E    +  where 'idle' = &lt;built-in method lower of str object at 0xfd4ac6c02770&gt;()
E    +    where &lt;built-in method lower of str object at 0xfd4ac6c02770&gt; = 'Idle'.lower</failure></testcase><testcase classname="backend.tests.test_match_count_consistency.TestSchedulerStatus" name="test_csro_progress_goals_met_false" time="0.072" /><testcase classname="backend.tests.test_match_count_consistency.TestSchedulerStatus" name="test_csdc_progress_goals_met_true" time="0.058" /><testcase classname="backend.tests.test_match_count_consistency.TestSchedulerStatus" name="test_other_categories_goals_met_idle" time="0.040"><failure message="AssertionError: cs.DC should show 'Goals met — idle', got: Idle&#10;assert 'Idle' == 'Goals met — idle'&#10;  &#10;  - Goals met — idle&#10;  + Idle">backend/tests/test_match_count_consistency.py:175: in test_other_categories_goals_met_idle
    assert scheduler_cats[cat] == "Goals met — idle", \
E   AssertionError: cs.DC should show 'Goals met — idle', got: Idle
E   assert 'Idle' == 'Goals met — idle'
E     
E     - Goals met — idle
E     + Idle</failure></testcase><testcase classname="backend.tests.test_match_count_consistency.TestPaperDetailMatchCount" name="test_top_robotics_paper_match_count" time="0.097" /><testcase classname="backend.tests.test_match_count_consistency.TestPublicStatusTotalMatches" name="test_public_status_total_matches" time="0.039" /><testcase classname="backend.tests.test_match_count_consistency.TestRecentMatchesNoExperimentMode" name="test_admin_status_recent_matches_no_mode" time="0.063" /><testcase classname="backend.tests.test_match_count_consistency.TestCrossCategoryIsolation" name="test_categories_have_different_counts" time="0.280" /></testsuite></testsuites>