<?xml version="1.0" encoding="utf-8"?><testsuites name="pytest tests"><testsuite name="pytest" errors="0" failures="0" skipped="0" tests="26" time="2.276" timestamp="2026-02-09T12:58:08.402833+00:00" hostname="agent-env-064499a1-f21a-4ae4-bc61-480ef1308110"><testcase classname="backend.tests.test_match_count_consistency.TestMatchCountConsistency" name="test_admin_status_match_count[cs.RO-3774]" time="0.077" /><testcase classname="backend.tests.test_match_count_consistency.TestMatchCountConsistency" name="test_admin_status_match_count[cs.DC-2828]" time="0.050" /><testcase classname="backend.tests.test_match_count_consistency.TestMatchCountConsistency" name="test_admin_status_match_count[econ.GN-2182]" time="0.061" /><testcase classname="backend.tests.test_match_count_consistency.TestMatchCountConsistency" name="test_admin_status_match_count[physics.comp-ph-2305]" time="0.057" /><testcase classname="backend.tests.test_match_count_consistency.TestMatchCountConsistency" name="test_admin_status_match_count[q-bio.BM-1897]" time="0.128" /><testcase classname="backend.tests.test_match_count_consistency.TestMatchCountConsistency" name="test_admin_progress_match_count[cs.RO-3774]" time="0.074" /><testcase classname="backend.tests.test_match_count_consistency.TestMatchCountConsistency" name="test_admin_progress_match_count[cs.DC-2828]" time="0.061" /><testcase classname="backend.tests.test_match_count_consistency.TestMatchCountConsistency" name="test_admin_progress_match_count[econ.GN-2182]" time="0.061" /><testcase classname="backend.tests.test_match_count_consistency.TestMatchCountConsistency" name="test_admin_progress_match_count[physics.comp-ph-2305]" time="0.053" /><testcase classname="backend.tests.test_match_count_consistency.TestMatchCountConsistency" name="test_admin_progress_match_count[q-bio.BM-1897]" time="0.053" /><testcase classname="backend.tests.test_match_count_consistency.TestMatchCountConsistency" name="test_leaderboard_match_count[cs.RO-3774]" time="0.040" /><testcase classname="backend.tests.test_match_count_consistency.TestMatchCountConsistency" name="test_leaderboard_match_count[cs.DC-2828]" time="0.038" /><testcase classname="backend.tests.test_match_count_consistency.TestMatchCountConsistency" name="test_leaderboard_match_count[econ.GN-2182]" time="0.038" /><testcase classname="backend.tests.test_match_count_consistency.TestMatchCountConsistency" name="test_leaderboard_match_count[physics.comp-ph-2305]" time="0.038" /><testcase classname="backend.tests.test_match_count_consistency.TestMatchCountConsistency" name="test_leaderboard_match_count[q-bio.BM-1897]" time="0.036" /><testcase classname="backend.tests.test_match_count_consistency.TestMatchCountConsistency" name="test_all_views_match_for_csro" time="0.161" /><testcase classname="backend.tests.test_match_count_consistency.TestMatchCountConsistency" name="test_all_views_match_for_csdc" time="0.143" /><testcase classname="backend.tests.test_match_count_consistency.TestMatchCountConsistency" name="test_all_views_match_for_econgn" time="0.147" /><testcase classname="backend.tests.test_match_count_consistency.TestSchedulerStatus" name="test_csro_not_goals_met_idle" time="0.097" /><testcase classname="backend.tests.test_match_count_consistency.TestSchedulerStatus" name="test_csro_progress_goals_met_false" time="0.063" /><testcase classname="backend.tests.test_match_count_consistency.TestSchedulerStatus" name="test_csdc_progress_goals_met_true" time="0.057" /><testcase classname="backend.tests.test_match_count_consistency.TestSchedulerStatus" name="test_other_categories_goals_met_idle" time="0.210" /><testcase classname="backend.tests.test_match_count_consistency.TestPaperDetailMatchCount" name="test_top_robotics_paper_match_count" time="0.089" /><testcase classname="backend.tests.test_match_count_consistency.TestPublicStatusTotalMatches" name="test_public_status_total_matches" time="0.037" /><testcase classname="backend.tests.test_match_count_consistency.TestRecentMatchesNoExperimentMode" name="test_admin_status_recent_matches_no_mode" time="0.060" /><testcase classname="backend.tests.test_match_count_consistency.TestCrossCategoryIsolation" name="test_categories_have_different_counts" time="0.266" /></testsuite></testsuites>