<?xml version="1.0" encoding="utf-8"?><testsuites name="pytest tests"><testsuite name="pytest" errors="0" failures="0" skipped="0" tests="13" time="12.509" timestamp="2026-03-12T14:14:55.244661+00:00" hostname="agent-env-4e69f3ab-4b84-4819-874d-a069c52e006d"><testcase classname="backend.tests.test_orcid_claims.TestClaimEndpointsNoAuth" name="test_my_orcid_returns_401_when_not_logged_in" time="0.218" /><testcase classname="backend.tests.test_orcid_claims.TestClaimEndpointsNoAuth" name="test_paper_claims_public_endpoint_returns_empty_array" time="0.117" /><testcase classname="backend.tests.test_orcid_claims.TestClaimEndpointsNoAuth" name="test_orcid_auth_url_returns_503_when_not_configured" time="0.126" /><testcase classname="backend.tests.test_orcid_claims.TestClaimEndpointsNoAuth" name="test_claim_paper_returns_401_when_not_authenticated" time="0.113" /><testcase classname="backend.tests.test_orcid_claims.TestClaimEndpointsWithAuth" name="test_auth_me_includes_orcid_id_field" time="0.505" /><testcase classname="backend.tests.test_orcid_claims.TestClaimEndpointsWithAuth" name="test_my_orcid_returns_connected_status" time="0.121" /><testcase classname="backend.tests.test_orcid_claims.TestClaimEndpointsWithAuth" name="test_claim_paper_returns_pending_or_verified" time="0.632" /><testcase classname="backend.tests.test_orcid_claims.TestClaimEndpointsWithAuth" name="test_claim_same_paper_twice_returns_already_claimed" time="0.672" /><testcase classname="backend.tests.test_orcid_claims.TestClaimEndpointsWithAuth" name="test_claim_nonexistent_paper_returns_404" time="0.112" /><testcase classname="backend.tests.test_orcid_claims.TestMyClaimsEndpoint" name="test_my_claims_returns_list" time="0.511" /><testcase classname="backend.tests.test_orcid_claims.TestMyClaimsEndpoint" name="test_my_claims_returns_401_without_auth" time="0.107" /><testcase classname="backend.tests.test_orcid_claims.TestOrcidConnectEndpoint" name="test_orcid_connect_returns_503_when_not_configured" time="8.842" /><testcase classname="backend.tests.test_orcid_claims.TestOrcidConnectEndpoint" name="test_orcid_connect_returns_401_without_auth" time="0.352" /></testsuite></testsuites>