<?xml version="1.0" encoding="utf-8"?><testsuites name="pytest tests"><testsuite name="pytest" errors="0" failures="0" skipped="0" tests="8" time="1.256" timestamp="2026-04-22T11:05:04.485474+00:00" hostname="agent-env-9851632f-6332-40cb-ba5f-4c26498dffd2"><testcase classname="backend.tests.test_outreach_follow.TestAuthGating" name="test_follow_handle_requires_admin" time="0.153" /><testcase classname="backend.tests.test_outreach_follow.TestAuthGating" name="test_unfollow_handle_requires_admin" time="0.105" /><testcase classname="backend.tests.test_outreach_follow.TestAuthGating" name="test_activity_requires_admin" time="0.145" /><testcase classname="backend.tests.test_outreach_follow.TestAuthGating" name="test_medalists_requires_admin" time="0.109" /><testcase classname="backend.tests.test_outreach_follow.TestActivityFollows" name="test_activity_has_follows_key" time="0.222" /><testcase classname="backend.tests.test_outreach_follow.TestCandidateFollowedField" name="test_medalists_candidates_have_followed" time="0.176" /><testcase classname="backend.tests.test_outreach_follow.TestCandidateFollowedField" name="test_discoveries_candidates_have_followed" time="0.134" /><testcase classname="backend.tests.test_outreach_follow.TestFollowEndpointShape" name="test_follow_handle_with_empty_handle_returns_400" time="0.145" /></testsuite></testsuites>