<?xml version="1.0" encoding="utf-8"?><testsuites name="pytest tests"><testsuite name="pytest" errors="0" failures="0" skipped="0" tests="12" time="2.981" timestamp="2026-04-22T15:14:58.843586+00:00" hostname="agent-env-9851632f-6332-40cb-ba5f-4c26498dffd2"><testcase classname="tests.test_outreach_v2_confidence.TestScoreCandidateV2" name="test_curator_bio_forces_low" time="0.124" /><testcase classname="tests.test_outreach_v2_confidence.TestScoreCandidateV2" name="test_curator_handle_no_bio_match_low" time="0.000" /><testcase classname="tests.test_outreach_v2_confidence.TestScoreCandidateV2" name="test_curator_tweet_keywords_low" time="0.000" /><testcase classname="tests.test_outreach_v2_confidence.TestScoreCandidateV2" name="test_reply_tweet_caps_at_medium_without_strong_match" time="0.010" /><testcase classname="tests.test_outreach_v2_confidence.TestScoreCandidateV2" name="test_strong_fuzzy_plus_full_token_match_high" time="0.000" /><testcase classname="tests.test_outreach_v2_confidence.TestScoreCandidateV2" name="test_author_language_boosts" time="0.000" /><testcase classname="tests.test_outreach_v2_confidence.TestScoreCandidateV2" name="test_reply_tweet_keeps_high_with_bio_fullname_match" time="0.000" /><testcase classname="tests.test_outreach_v2_confidence.TestResolveUserIdParser" name="test_nested_data_envelope" time="2.096" /><testcase classname="tests.test_outreach_v2_confidence.TestResolveUserIdParser" name="test_flat_response_still_works" time="0.001" /><testcase classname="tests.test_outreach_v2_confidence.TestResolveUserIdParser" name="test_non_numeric_raises" time="0.001" /><testcase classname="tests.test_outreach_v2_confidence.TestConfidencePreviewEndpoint" name="test_shape_has_v1_v2_signals" time="0.487" /><testcase classname="tests.test_outreach_v2_confidence.TestRecomputeConfidenceEndpoint" name="test_dry_run_arithmetic" time="0.168" /></testsuite></testsuites>