<?xml version="1.0" encoding="utf-8"?><testsuites name="pytest tests"><testsuite name="pytest" errors="0" failures="0" skipped="0" tests="9" time="1.541" timestamp="2026-04-22T11:23:28.896410+00:00" hostname="agent-env-9851632f-6332-40cb-ba5f-4c26498dffd2"><testcase classname="backend.tests.test_outreach_smoke" name="test_design_preview_route_returns_spa_fallback" time="0.201" /><testcase classname="backend.tests.test_outreach_smoke" name="test_medalists_endpoint_admin_gated" time="0.265" /><testcase classname="backend.tests.test_outreach_smoke" name="test_medalists_unauthorized_without_token" time="0.153" /><testcase classname="backend.tests.test_outreach_smoke" name="test_activity_endpoint" time="0.223" /><testcase classname="backend.tests.test_outreach_smoke" name="test_discoveries_endpoint" time="0.160" /><testcase classname="backend.tests.test_outreach_smoke" name="test_follow_handle_admin_gated_no_token" time="0.099" /><testcase classname="backend.tests.test_outreach_smoke" name="test_like_tweet_admin_gated_no_token" time="0.118" /><testcase classname="backend.tests.test_outreach_smoke" name="test_follow_handle_validates_payload" time="0.117" /><testcase classname="backend.tests.test_outreach_smoke" name="test_like_tweet_validates_payload" time="0.139" /></testsuite></testsuites>