<?xml version="1.0" encoding="utf-8"?><testsuites name="pytest tests"><testsuite name="pytest" errors="0" failures="0" skipped="0" tests="22" time="1.659" timestamp="2026-02-12T16:43:05.306183+00:00" hostname="agent-env-4ce26da3-a05d-4d4e-a3f7-485c69cfd9d5"><testcase classname="backend.tests.test_pairwise_validation.TestPairwiseResultsEndpoint" name="test_pairwise_results_returns_200" time="0.132" /><testcase classname="backend.tests.test_pairwise_validation.TestPairwiseResultsEndpoint" name="test_pairwise_results_status_ok" time="0.069" /><testcase classname="backend.tests.test_pairwise_validation.TestPairwiseResultsEndpoint" name="test_pairwise_results_method_pairwise_derived" time="0.065" /><testcase classname="backend.tests.test_pairwise_validation.TestPairwiseResultsEndpoint" name="test_pairwise_results_contains_human_matches_derived" time="0.068" /><testcase classname="backend.tests.test_pairwise_validation.TestPairwiseResultsEndpoint" name="test_pairwise_results_contains_human_matches_ties_excluded" time="0.071" /><testcase classname="backend.tests.test_pairwise_validation.TestPairwiseResultsEndpoint" name="test_pairwise_results_contains_experts_contributing" time="0.065" /><testcase classname="backend.tests.test_pairwise_validation.TestPairwiseResultsEndpoint" name="test_pairwise_results_contains_pairwise_agreement" time="0.073" /><testcase classname="backend.tests.test_pairwise_validation.TestPairwiseResultsEndpoint" name="test_pairwise_agreement_values" time="0.072" /><testcase classname="backend.tests.test_pairwise_validation.TestPairwiseResultsEndpoint" name="test_pairwise_results_contains_correlation" time="0.068" /><testcase classname="backend.tests.test_pairwise_validation.TestPairwiseResultsEndpoint" name="test_pairwise_correlation_values_in_range" time="0.068" /><testcase classname="backend.tests.test_pairwise_validation.TestPairwiseResultsEndpoint" name="test_pairwise_results_contains_comparison_table" time="0.066" /><testcase classname="backend.tests.test_pairwise_validation.TestPairwiseResultsEndpoint" name="test_pairwise_comparison_entry_has_required_fields" time="0.079" /><testcase classname="backend.tests.test_pairwise_validation.TestPairwiseResultsEndpoint" name="test_pairwise_comparison_entry_human_values" time="0.066" /><testcase classname="backend.tests.test_pairwise_validation.TestPairwiseResultsEndpoint" name="test_pairwise_results_contains_interpretation" time="0.067" /><testcase classname="backend.tests.test_pairwise_validation.TestPairwiseResultsEndpoint" name="test_pairwise_results_contains_expert_stats" time="0.065" /><testcase classname="backend.tests.test_pairwise_validation.TestAvgRatingResultsStillWorks" name="test_avg_results_returns_200" time="0.055" /><testcase classname="backend.tests.test_pairwise_validation.TestAvgRatingResultsStillWorks" name="test_avg_results_status_ok" time="0.051" /><testcase classname="backend.tests.test_pairwise_validation.TestAvgRatingResultsStillWorks" name="test_avg_results_contains_correlation" time="0.052" /><testcase classname="backend.tests.test_pairwise_validation.TestAvgRatingResultsStillWorks" name="test_avg_results_contains_comparison" time="0.052" /><testcase classname="backend.tests.test_pairwise_validation.TestBothExperimentsCoexist" name="test_both_endpoints_return_ok" time="0.114" /><testcase classname="backend.tests.test_pairwise_validation.TestBothExperimentsCoexist" name="test_endpoints_have_different_methods" time="0.115" /><testcase classname="backend.tests.test_pairwise_validation.TestBothExperimentsCoexist" name="test_status_endpoint_still_works" time="0.042" /></testsuite></testsuites>