<?xml version="1.0" encoding="utf-8"?><testsuites name="pytest tests"><testsuite name="pytest" errors="0" failures="0" skipped="0" tests="5" time="6.676" timestamp="2026-05-29T12:57:48.550248+00:00" hostname="agent-env-d0e09c26-0253-419e-a7b9-dccc8abaea5a"><testcase classname="backend.tests.test_personas" name="test_get_homepage_personas" time="0.213" /><testcase classname="backend.tests.test_personas" name="test_homepage_stats" time="4.541" /><testcase classname="backend.tests.test_personas" name="test_persona_stats_requires_auth" time="0.132" /><testcase classname="backend.tests.test_personas" name="test_persona_stats_with_auth" time="0.983" /><testcase classname="backend.tests.test_personas" name="test_persona_stats_with_category_filter" time="0.738" /></testsuite></testsuites>