<?xml version="1.0" encoding="utf-8"?><testsuites name="pytest tests"><testsuite name="pytest" errors="0" failures="3" skipped="0" tests="14" time="47.643" timestamp="2026-02-16T17:49:09.329525+00:00" hostname="agent-env-231f40f5-45ff-4779-97bb-c0912fe0d4c9"><testcase classname="backend.tests.test_phase4_convergence_backfill.TestHealthAndBasics" name="test_health_endpoint" time="33.585" /><testcase classname="backend.tests.test_phase4_convergence_backfill.TestAdminProgressConvergence" name="test_progress_returns_convergence_goal2" time="0.762"><failure message="AssertionError: goal2 field missing from progress response&#10;assert 'goal2' in {'category': 'cs.RO', 'global_paused': True, 'goals_met': True, 'paused': True, ...}">backend/tests/test_phase4_convergence_backfill.py:58: in test_progress_returns_convergence_goal2
    assert "goal2" in data, "goal2 field missing from progress response"
E   AssertionError: goal2 field missing from progress response
E   assert 'goal2' in {'category': 'cs.RO', 'global_paused': True, 'goals_met': True, 'paused': True, ...}</failure></testcase><testcase classname="backend.tests.test_phase4_convergence_backfill.TestAdminProgressConvergence" name="test_progress_goal2_no_ci_reference" time="0.761" /><testcase classname="backend.tests.test_phase4_convergence_backfill.TestAdminSettings" name="test_settings_has_convergence_fields" time="0.177" /><testcase classname="backend.tests.test_phase4_convergence_backfill.TestAdminSettings" name="test_settings_has_summary_fields" time="0.145" /><testcase classname="backend.tests.test_phase4_convergence_backfill.TestAdminSettings" name="test_settings_has_min_max_matches" time="0.212" /><testcase classname="backend.tests.test_phase4_convergence_backfill.TestAdminSettings" name="test_update_convergence_settings" time="0.814" /><testcase classname="backend.tests.test_phase4_convergence_backfill.TestBackfillSummariesEndpoint" name="test_backfill_summaries_exists" time="0.156" /><testcase classname="backend.tests.test_phase4_convergence_backfill.TestBackfillSummariesEndpoint" name="test_backfill_summaries_with_category" time="0.218" /><testcase classname="backend.tests.test_phase4_convergence_backfill.TestSummaryStatsEndpoint" name="test_summary_stats_returns_pregen_coverage" time="0.228" /><testcase classname="backend.tests.test_phase4_convergence_backfill.TestSummaryStatsEndpoint" name="test_summary_stats_with_category" time="0.161" /><testcase classname="backend.tests.test_phase4_convergence_backfill.TestPaperDetailSummaries" name="test_paper_with_summaries" time="0.195"><failure message="AssertionError: Summary value should be string, got &lt;class 'dict'&gt;&#10;assert False&#10; +  where False = isinstance({'2': '## 1) Core Contribution\n\nThis paper contributes a **communication-centric formulation and solution for cooperative embodied information gathering**. The main novelty is twofold:\n\n1) **Problem formulation: MM‑EQA (Multi‑Agent Multi‑Task Embodied Question Answering).**  \nUnlike standard EQA (typically single agent, one question), MM‑EQA models a realistic household deployment where **multiple heterogeneous robots each have their own questions/tasks**, but can **share observations and partial conclusions**. The key challenge is not just exploration, but **coordinating information gathering without redundant search**.\n\n2) **CommCP: decentralized LLM-based communication with uncertainty calibration via conformal prediction (CP).**  \nThe paper identifies a practical failure mode in LLM-mediated coordination: **uncalibrated, overconfident, or low-relevance messages can distract teammates and degrade team efficiency**. CommCP uses an LLM to judge whether observed objects are (A) the target, (B) strongly relevant, or (C/D) not worth acting on; then applies **split conformal prediction over the LLM’s token probabilities** to filter which “A/B” assertions are communicated. Th...nly 2–3 robots; unknown scaling to larger teams where message flooding, inconsistent beliefs, and network constraints become dominant.\n- **Dependence on priors:** LLM “household co-occurrence” reasoning may encode cultural or dataset biases; failures could be systematic (e.g., uncommon layouts).\n\n## Additional Observations (for impact ranking)\n\n- The most durable impact may come from the **benchmark + framing** rather than the specific CP implementation. If MM‑EQA is adopted, it can catalyze a line of work on calibrated communication, learned team exploration policies, and multi-agent embodied reasoning.\n- CommCP’s core idea—**calibrate and sparsify LLM communication to reduce teammate distraction**—is broadly portable and could influence best practices in multi-agent LLM systems beyond robotics, even if the conformal formalism is later replaced with alternative uncertainty estimators.\n\nIn summary, the paper offers a concrete and timely step toward trustworthy multi-robot cooperation with LLMs, with strong empirical signals and an enabling benchmark, but with theoretical calibration claims that would benefit from more defensible labeling and validation of CP assumptions.'}, str)">backend/tests/test_phase4_convergence_backfill.py:281: in test_paper_with_summaries
    assert isinstance(value, str), f"Summary value should be string, got {type(value)}"
E   AssertionError: Summary value should be string, got &lt;class 'dict'&gt;
E   assert False
E    +  where False = isinstance({'2': '## 1) Core Contribution\n\nThis paper contributes a **communication-centric formulation and solution for cooperative embodied information gathering**. The main novelty is twofold:\n\n1) **Problem formulation: MM‑EQA (Multi‑Agent Multi‑Task Embodied Question Answering).**  \nUnlike standard EQA (typically single agent, one question), MM‑EQA models a realistic household deployment where **multiple heterogeneous robots each have their own questions/tasks**, but can **share observations and partial conclusions**. The key challenge is not just exploration, but **coordinating information gathering without redundant search**.\n\n2) **CommCP: decentralized LLM-based communication with uncertainty calibration via conformal prediction (CP).**  \nThe paper identifies a practical failure mode in LLM-mediated coordination: **uncalibrated, overconfident, or low-relevance messages can distract teammates and degrade team efficiency**. CommCP uses an LLM to judge whether observed objects are (A) the target, (B) strongly relevant, or (C/D) not worth acting on; then applies **split conformal prediction over the LLM’s token probabilities** to filter which “A/B” assertions are communicated. Th...nly 2–3 robots; unknown scaling to larger teams where message flooding, inconsistent beliefs, and network constraints become dominant.\n- **Dependence on priors:** LLM “household co-occurrence” reasoning may encode cultural or dataset biases; failures could be systematic (e.g., uncommon layouts).\n\n## Additional Observations (for impact ranking)\n\n- The most durable impact may come from the **benchmark + framing** rather than the specific CP implementation. If MM‑EQA is adopted, it can catalyze a line of work on calibrated communication, learned team exploration policies, and multi-agent embodied reasoning.\n- CommCP’s core idea—**calibrate and sparsify LLM communication to reduce teammate distraction**—is broadly portable and could influence best practices in multi-agent LLM systems beyond robotics, even if the conformal formalism is later replaced with alternative uncertainty estimators.\n\nIn summary, the paper offers a concrete and timely step toward trustworthy multi-robot cooperation with LLMs, with strong empirical signals and an enabling benchmark, but with theoretical calibration claims that would benefit from more defensible labeling and validation of CP assumptions.'}, str)</failure></testcase><testcase classname="backend.tests.test_phase4_convergence_backfill.TestConvergenceEndpoint" name="test_convergence_endpoint_works" time="1.100" /><testcase classname="backend.tests.test_phase4_convergence_backfill.TestLeaderboardStillWorks" name="test_leaderboard_loads" time="9.009"><failure message="AssertionError: papers field missing&#10;assert 'papers' in {'category': 'cs.RO', 'is_ranking': True, 'leaderboard': [{'arxiv_id': '2602.05791v1', 'authors': ['Yufei Xue', 'YunFeng Lin', 'Wentao Dong', 'Yang Tang', 'Jingbo Wang', 'Jiangmiao Pang', ...], 'ci': 197, 'comparisons': 152, ...}, {'arxiv_id': '2602.06949v1', 'authors': ['Shenyuan Gao', 'William Liang', 'Kaiyuan Zheng', 'Ayaan Malik', 'Seonghyeon Ye', 'Sihyun Yu', ...], 'ci': 150, 'comparisons': 83, ...}, {'arxiv_id': '2602.07845v1', 'authors': ['Yalcin Tur', 'Jalal Naghiyev', 'Haoquan Fang', 'Wei-Chuan Tsai', 'Jiafei Duan', 'Dieter Fox', ...], 'ci': 169, 'comparisons': 46, ...}, {'arxiv_id': '2602.08328v1', 'authors': ['Yi-Hsuan Hsiao', 'Quang Phuc Kieu', 'Zhongtao Guan', 'Suhan Kim', 'Jiaze Cai', 'Owen Matteson', ...], 'ci': 169, 'comparisons': 44, ...}, {'arxiv_id': '2602.08167v1', 'authors': ['Milan Ganai', 'Katie Luo', 'Jonas Frey', 'Clark Barrett', 'Marco Pavone'], 'ci': 143, 'comparisons': 50, ...}, {'arxiv_id': '2602.08776v1', 'authors': ['Cuijie Xu', 'Shurui Zheng', 'Zihao Su', 'Yuanfan Xu', 'Tinghao Yi', 'Xudong Zhang', ...], 'ci': 143, 'comparisons': 49, ...}, ...], 'period': 'all', ...}">backend/tests/test_phase4_convergence_backfill.py:318: in test_leaderboard_loads
    assert "papers" in data, "papers field missing"
E   AssertionError: papers field missing
E   assert 'papers' in {'category': 'cs.RO', 'is_ranking': True, 'leaderboard': [{'arxiv_id': '2602.05791v1', 'authors': ['Yufei Xue', 'YunFeng Lin', 'Wentao Dong', 'Yang Tang', 'Jingbo Wang', 'Jiangmiao Pang', ...], 'ci': 197, 'comparisons': 152, ...}, {'arxiv_id': '2602.06949v1', 'authors': ['Shenyuan Gao', 'William Liang', 'Kaiyuan Zheng', 'Ayaan Malik', 'Seonghyeon Ye', 'Sihyun Yu', ...], 'ci': 150, 'comparisons': 83, ...}, {'arxiv_id': '2602.07845v1', 'authors': ['Yalcin Tur', 'Jalal Naghiyev', 'Haoquan Fang', 'Wei-Chuan Tsai', 'Jiafei Duan', 'Dieter Fox', ...], 'ci': 169, 'comparisons': 46, ...}, {'arxiv_id': '2602.08328v1', 'authors': ['Yi-Hsuan Hsiao', 'Quang Phuc Kieu', 'Zhongtao Guan', 'Suhan Kim', 'Jiaze Cai', 'Owen Matteson', ...], 'ci': 169, 'comparisons': 44, ...}, {'arxiv_id': '2602.08167v1', 'authors': ['Milan Ganai', 'Katie Luo', 'Jonas Frey', 'Clark Barrett', 'Marco Pavone'], 'ci': 143, 'comparisons': 50, ...}, {'arxiv_id': '2602.08776v1', 'authors': ['Cuijie Xu', 'Shurui Zheng', 'Zihao Su', 'Yuanfan Xu', 'Tinghao Yi', 'Xudong Zhang', ...], 'ci': 143, 'comparisons': 49, ...}, ...], 'period': 'all', ...}</failure></testcase></testsuite></testsuites>