<?xml version="1.0" encoding="utf-8"?><testsuites name="pytest tests"><testsuite name="pytest" errors="0" failures="0" skipped="0" tests="14" time="43.978" timestamp="2026-02-16T17:50:40.923405+00:00" hostname="agent-env-231f40f5-45ff-4779-97bb-c0912fe0d4c9"><testcase classname="backend.tests.test_phase4_convergence_backfill.TestHealthAndBasics" name="test_health_endpoint" time="30.236" /><testcase classname="backend.tests.test_phase4_convergence_backfill.TestAdminProgressConvergence" name="test_progress_returns_convergence_goal2" time="1.362" /><testcase classname="backend.tests.test_phase4_convergence_backfill.TestAdminProgressConvergence" name="test_progress_goal2_no_ci_reference" time="0.215" /><testcase classname="backend.tests.test_phase4_convergence_backfill.TestAdminSettings" name="test_settings_has_convergence_fields" time="0.222" /><testcase classname="backend.tests.test_phase4_convergence_backfill.TestAdminSettings" name="test_settings_has_summary_fields" time="0.156" /><testcase classname="backend.tests.test_phase4_convergence_backfill.TestAdminSettings" name="test_settings_has_min_max_matches" time="0.195" /><testcase classname="backend.tests.test_phase4_convergence_backfill.TestAdminSettings" name="test_update_convergence_settings" time="0.622" /><testcase classname="backend.tests.test_phase4_convergence_backfill.TestBackfillSummariesEndpoint" name="test_backfill_summaries_exists" time="0.137" /><testcase classname="backend.tests.test_phase4_convergence_backfill.TestBackfillSummariesEndpoint" name="test_backfill_summaries_with_category" time="0.207" /><testcase classname="backend.tests.test_phase4_convergence_backfill.TestSummaryStatsEndpoint" name="test_summary_stats_returns_pregen_coverage" time="0.362" /><testcase classname="backend.tests.test_phase4_convergence_backfill.TestSummaryStatsEndpoint" name="test_summary_stats_with_category" time="0.125" /><testcase classname="backend.tests.test_phase4_convergence_backfill.TestPaperDetailSummaries" name="test_paper_with_summaries" time="0.238" /><testcase classname="backend.tests.test_phase4_convergence_backfill.TestConvergenceEndpoint" name="test_convergence_endpoint_works" time="1.111" /><testcase classname="backend.tests.test_phase4_convergence_backfill.TestLeaderboardStillWorks" name="test_leaderboard_loads" time="8.707" /></testsuite></testsuites>