<?xml version="1.0" encoding="utf-8"?><testsuites name="pytest tests"><testsuite name="pytest" errors="0" failures="0" skipped="0" tests="14" time="15.094" timestamp="2026-02-16T17:29:25.523321+00:00" hostname="agent-env-231f40f5-45ff-4779-97bb-c0912fe0d4c9"><testcase classname="backend.tests.test_phase2_phase3_features.TestHealthAndStatus" name="test_health_endpoint" time="0.395" /><testcase classname="backend.tests.test_phase2_phase3_features.TestHealthAndStatus" name="test_status_endpoint" time="0.176" /><testcase classname="backend.tests.test_phase2_phase3_features.TestLeaderboard" name="test_leaderboard_cs_ro" time="0.321" /><testcase classname="backend.tests.test_phase2_phase3_features.TestLeaderboard" name="test_leaderboard_different_periods" time="9.422" /><testcase classname="backend.tests.test_phase2_phase3_features.TestLeaderboard" name="test_leaderboard_other_categories" time="0.916" /><testcase classname="backend.tests.test_phase2_phase3_features.TestPaperDetail" name="test_paper_detail_with_sample_id" time="0.219" /><testcase classname="backend.tests.test_phase2_phase3_features.TestPaperDetail" name="test_paper_detail_404_for_invalid_id" time="0.193" /><testcase classname="backend.tests.test_phase2_phase3_features.TestPaperDetail" name="test_fetch_papers_with_summaries" time="1.106" /><testcase classname="backend.tests.test_phase2_phase3_features.TestPrompts" name="test_prompts_endpoint" time="0.294" /><testcase classname="backend.tests.test_phase2_phase3_features.TestConvergence" name="test_convergence_cs_ro" time="1.071" /><testcase classname="backend.tests.test_phase2_phase3_features.TestSelectPairsLogic" name="test_leaderboard_shows_balanced_coverage" time="0.130" /><testcase classname="backend.tests.test_phase2_phase3_features.TestModelCorrelation" name="test_model_correlation_endpoint" time="0.463" /><testcase classname="backend.tests.test_phase2_phase3_features.TestCategories" name="test_categories_endpoint" time="0.182" /><testcase classname="backend.tests.test_phase2_phase3_features.TestTags" name="test_tags_endpoint" time="0.118" /></testsuite></testsuites>