<?xml version="1.0" encoding="utf-8"?><testsuites name="pytest tests"><testsuite name="pytest" errors="0" failures="0" skipped="0" tests="9" time="0.638" timestamp="2026-02-08T13:59:27.715732+00:00" hostname="agent-env-84365c58-f8bb-49e7-9779-996e0e228e52"><testcase classname="backend.tests.test_piggyback_feature.TestPiggybackFeature" name="test_health_check" time="0.106" /><testcase classname="backend.tests.test_piggyback_feature.TestPiggybackFeature" name="test_tags_endpoint_returns_matches_count" time="0.040" /><testcase classname="backend.tests.test_piggyback_feature.TestPiggybackFeature" name="test_primary_category_tags_have_high_match_counts" time="0.038" /><testcase classname="backend.tests.test_piggyback_feature.TestPiggybackFeature" name="test_secondary_tags_with_overlap_have_nonzero_matches" time="0.038" /><testcase classname="backend.tests.test_piggyback_feature.TestPiggybackFeature" name="test_tags_with_zero_matches_exist" time="0.038" /><testcase classname="backend.tests.test_piggyback_feature.TestPiggybackFeature" name="test_leaderboard_cache_includes_shared_categories" time="0.039" /><testcase classname="backend.tests.test_piggyback_feature.TestPiggybackFeature" name="test_match_count_consistency" time="0.090" /><testcase classname="backend.tests.test_piggyback_feature.TestSharedCategoriesCorrectness" name="test_paper_detail_provides_category_data" time="0.091" /><testcase classname="backend.tests.test_piggyback_feature.TestSharedCategoriesCorrectness" name="test_matches_have_required_fields" time="0.096" /></testsuite></testsuites>