<?xml version="1.0" encoding="utf-8"?><testsuites name="pytest tests"><testsuite name="pytest" errors="0" failures="0" skipped="0" tests="8" time="3.650" timestamp="2026-02-09T11:48:34.064609+00:00" hostname="agent-env-064499a1-f21a-4ae4-bc61-480ef1308110"><testcase classname="backend.tests.test_prompts_endpoint.TestPromptsEndpoint" name="test_prompts_endpoint_returns_200" time="3.068" /><testcase classname="backend.tests.test_prompts_endpoint.TestPromptsEndpoint" name="test_prompts_has_evaluation_object" time="0.179" /><testcase classname="backend.tests.test_prompts_endpoint.TestPromptsEndpoint" name="test_evaluation_prompt_has_system_and_user" time="0.084" /><testcase classname="backend.tests.test_prompts_endpoint.TestPromptsEndpoint" name="test_prompts_has_summary_object" time="0.039" /><testcase classname="backend.tests.test_prompts_endpoint.TestPromptsEndpoint" name="test_summary_prompt_has_system_and_user_if_present" time="0.042" /><testcase classname="backend.tests.test_prompts_endpoint.TestPromptsEndpoint" name="test_evaluation_prompt_contains_expected_keywords" time="0.044" /><testcase classname="backend.tests.test_prompts_endpoint.TestPromptsEndpoint" name="test_user_prompt_contains_template_variables" time="0.038" /><testcase classname="backend.tests.test_prompts_endpoint.TestPromptsEndpoint" name="test_prompts_endpoint_is_public" time="0.042" /></testsuite></testsuites>