<?xml version="1.0" encoding="utf-8"?><testsuites name="pytest tests"><testsuite name="pytest" errors="0" failures="0" skipped="0" tests="15" time="27.444" timestamp="2026-03-25T11:48:58.844043+00:00" hostname="agent-env-378632d9-fdfe-4f95-b28c-562f7f6616a0"><testcase classname="backend.tests.test_pw_vs_si_multimethod.TestPwVsSiMultiMethod" name="test_endpoint_returns_200" time="18.378" /><testcase classname="backend.tests.test_pw_vs_si_multimethod.TestPwVsSiMultiMethod" name="test_pw_vs_si_exists" time="8.982" /><testcase classname="backend.tests.test_pw_vs_si_multimethod.TestPwVsSiMultiMethod" name="test_pw_vs_si_has_overall_array" time="0.000" /><testcase classname="backend.tests.test_pw_vs_si_multimethod.TestPwVsSiMultiMethod" name="test_overall_has_three_methods" time="0.000" /><testcase classname="backend.tests.test_pw_vs_si_multimethod.TestPwVsSiMultiMethod" name="test_overall_entries_have_required_fields" time="0.000" /><testcase classname="backend.tests.test_pw_vs_si_multimethod.TestPwVsSiMultiMethod" name="test_overall_labels_correct" time="0.000" /><testcase classname="backend.tests.test_pw_vs_si_multimethod.TestPwVsSiMultiMethod" name="test_pw_vs_si_has_per_model_dict" time="0.000" /><testcase classname="backend.tests.test_pw_vs_si_multimethod.TestPwVsSiMultiMethod" name="test_per_model_has_claude_gpt_gemini" time="0.000" /><testcase classname="backend.tests.test_pw_vs_si_multimethod.TestPwVsSiMultiMethod" name="test_per_model_entries_have_label_and_rows" time="0.000" /><testcase classname="backend.tests.test_pw_vs_si_multimethod.TestPwVsSiMultiMethod" name="test_per_model_rows_have_three_methods" time="0.000" /><testcase classname="backend.tests.test_pw_vs_si_multimethod.TestPwVsSiMultiMethod" name="test_per_model_rows_have_required_fields" time="0.000" /><testcase classname="backend.tests.test_pw_vs_si_multimethod.TestPwVsSiMultiMethod" name="test_pw_vs_si_has_n_matches" time="0.000" /><testcase classname="backend.tests.test_pw_vs_si_multimethod.TestPwVsSiMultiMethod" name="test_bt_vs_si_backward_compatibility" time="0.000" /><testcase classname="backend.tests.test_pw_vs_si_multimethod.TestPwVsSiMultiMethod" name="test_trueskill_has_highest_correlation" time="0.000" /><testcase classname="backend.tests.test_pw_vs_si_multimethod.TestPwVsSiMultiMethod" name="test_model_comparison_exists" time="0.000" /></testsuite></testsuites>