<?xml version="1.0" encoding="utf-8"?><testsuites name="pytest tests"><testsuite name="pytest" errors="0" failures="0" skipped="0" tests="12" time="1.067" timestamp="2026-06-04T07:16:46.834079+00:00" hostname="agent-env-920d70d6-8175-484e-98f7-480b6164322f"><testcase classname="backend.tests.test_kurate_api" name="test_categories" time="0.307" /><testcase classname="backend.tests.test_kurate_api" name="test_years" time="0.052" /><testcase classname="backend.tests.test_kurate_api" name="test_metrics" time="0.050" /><testcase classname="backend.tests.test_kurate_api" name="test_papers_default" time="0.051" /><testcase classname="backend.tests.test_kurate_api" name="test_papers_category_filter" time="0.048" /><testcase classname="backend.tests.test_kurate_api" name="test_papers_search_quantum" time="0.051" /><testcase classname="backend.tests.test_kurate_api" name="test_papers_rank_agreement" time="0.052" /><testcase classname="backend.tests.test_kurate_api" name="test_papers_rank_validation" time="0.050" /><testcase classname="backend.tests.test_kurate_api" name="test_papers_period_7d" time="0.052" /><testcase classname="backend.tests.test_kurate_api" name="test_papers_year_filter" time="0.105" /><testcase classname="backend.tests.test_kurate_api" name="test_recent" time="0.051" /><testcase classname="backend.tests.test_kurate_api" name="test_activity" time="0.052" /></testsuite></testsuites>