<?xml version="1.0" encoding="utf-8"?><testsuites name="pytest tests"><testsuite name="pytest" errors="0" failures="0" skipped="0" tests="26" time="2.188" timestamp="2026-02-06T13:30:11.477932+00:00" hostname="agent-env-fbbe5046-7d0e-4749-82bd-2d5847669306"><testcase classname="tests.test_robotics_leaderboard.TestHealthEndpoint" name="test_health_returns_ok" time="0.076" /><testcase classname="tests.test_robotics_leaderboard.TestLeaderboardEndpoint" name="test_leaderboard_returns_data" time="0.071" /><testcase classname="tests.test_robotics_leaderboard.TestLeaderboardEndpoint" name="test_leaderboard_paper_structure" time="0.072" /><testcase classname="tests.test_robotics_leaderboard.TestLeaderboardEndpoint" name="test_leaderboard_filter_today" time="0.044" /><testcase classname="tests.test_robotics_leaderboard.TestLeaderboardEndpoint" name="test_leaderboard_filter_week" time="0.070" /><testcase classname="tests.test_robotics_leaderboard.TestLeaderboardEndpoint" name="test_leaderboard_filter_month" time="0.073" /><testcase classname="tests.test_robotics_leaderboard.TestLeaderboardEndpoint" name="test_leaderboard_filter_all" time="0.072" /><testcase classname="tests.test_robotics_leaderboard.TestPaperDetailEndpoint" name="test_paper_detail_returns_data" time="0.112" /><testcase classname="tests.test_robotics_leaderboard.TestPaperDetailEndpoint" name="test_paper_detail_structure" time="0.107" /><testcase classname="tests.test_robotics_leaderboard.TestPaperDetailEndpoint" name="test_paper_detail_matches_structure" time="0.106" /><testcase classname="tests.test_robotics_leaderboard.TestPaperDetailEndpoint" name="test_paper_detail_not_found" time="0.042" /><testcase classname="tests.test_robotics_leaderboard.TestStatusEndpoint" name="test_status_returns_data" time="0.041" /><testcase classname="tests.test_robotics_leaderboard.TestStatusEndpoint" name="test_status_scheduler_fields" time="0.037" /><testcase classname="tests.test_robotics_leaderboard.TestAdminLogin" name="test_login_correct_password" time="0.038" /><testcase classname="tests.test_robotics_leaderboard.TestAdminLogin" name="test_login_wrong_password" time="0.034" /><testcase classname="tests.test_robotics_leaderboard.TestAdminSettings" name="test_settings_requires_auth" time="0.036" /><testcase classname="tests.test_robotics_leaderboard.TestAdminSettings" name="test_settings_get_authenticated" time="0.034" /><testcase classname="tests.test_robotics_leaderboard.TestAdminSettings" name="test_settings_update" time="0.146" /><testcase classname="tests.test_robotics_leaderboard.TestAdminStatus" name="test_admin_status_requires_auth" time="0.037" /><testcase classname="tests.test_robotics_leaderboard.TestAdminStatus" name="test_admin_status_authenticated" time="0.040" /><testcase classname="tests.test_robotics_leaderboard.TestAdminPrompt" name="test_prompt_get" time="0.036" /><testcase classname="tests.test_robotics_leaderboard.TestAdminPrompt" name="test_prompt_update_and_reset" time="0.407" /><testcase classname="tests.test_robotics_leaderboard.TestAdminFetch" name="test_fetch_requires_auth" time="0.037" /><testcase classname="tests.test_robotics_leaderboard.TestAdminFetch" name="test_fetch_endpoint_exists" time="0.176" /><testcase classname="tests.test_robotics_leaderboard.TestAdminCompare" name="test_compare_requires_auth" time="0.037" /><testcase classname="tests.test_robotics_leaderboard.TestAdminCompare" name="test_compare_endpoint_exists" time="0.033" /></testsuite></testsuites>