<?xml version="1.0" encoding="utf-8"?><testsuites name="pytest tests"><testsuite name="pytest" errors="0" failures="0" skipped="0" tests="18" time="1.143" timestamp="2026-02-08T22:04:21.165522+00:00" hostname="agent-env-84365c58-f8bb-49e7-9779-996e0e228e52"><testcase classname="backend.tests.test_scalability_refactor.TestPrimaryCategoryBackfill" name="test_all_matches_have_primary_category" time="0.039" /><testcase classname="backend.tests.test_scalability_refactor.TestPrimaryCategoryBackfill" name="test_primary_category_values_are_valid" time="0.001" /><testcase classname="backend.tests.test_scalability_refactor.TestPrimaryCategoryIndex" name="test_primary_category_index_exists" time="0.001" /><testcase classname="backend.tests.test_scalability_refactor.TestLeaderboardCategoryFiltering" name="test_leaderboard_cs_ro_returns_correct_data" time="0.077" /><testcase classname="backend.tests.test_scalability_refactor.TestLeaderboardCategoryFiltering" name="test_leaderboard_physics_comp_ph_returns_correct_data" time="0.043" /><testcase classname="backend.tests.test_scalability_refactor.TestLeaderboardCategoryFiltering" name="test_leaderboard_cs_dc_returns_correct_data" time="0.038" /><testcase classname="backend.tests.test_scalability_refactor.TestLeaderboardCategoryFiltering" name="test_leaderboard_all_categories_have_consistent_data" time="0.090" /><testcase classname="backend.tests.test_scalability_refactor.TestTagFilteredLeaderboard" name="test_tag_filter_cs_ai_returns_data" time="0.048" /><testcase classname="backend.tests.test_scalability_refactor.TestTagFilteredLeaderboard" name="test_tag_filter_with_global_stats" time="0.053" /><testcase classname="backend.tests.test_scalability_refactor.TestShowAllLeaderboard" name="test_show_all_returns_all_250_papers" time="0.200" /><testcase classname="backend.tests.test_scalability_refactor.TestAdminStatusEndpoint" name="test_admin_status_requires_auth" time="0.034" /><testcase classname="backend.tests.test_scalability_refactor.TestAdminStatusEndpoint" name="test_admin_status_with_auth_returns_data" time="0.066" /><testcase classname="backend.tests.test_scalability_refactor.TestHealthAndStatus" name="test_health_endpoint" time="0.039" /><testcase classname="backend.tests.test_scalability_refactor.TestHealthAndStatus" name="test_status_endpoint" time="0.056" /><testcase classname="backend.tests.test_scalability_refactor.TestCategoriesEndpoint" name="test_categories_returns_5_categories" time="0.052" /><testcase classname="backend.tests.test_scalability_refactor.TestPaperDetailEndpoint" name="test_paper_detail_returns_paper_data" time="0.077" /><testcase classname="backend.tests.test_scalability_refactor.TestPaperDetailEndpoint" name="test_paper_detail_404_for_invalid_id" time="0.038" /><testcase classname="backend.tests.test_scalability_refactor.TestMatchCounts" name="test_match_counts_per_category" time="0.030" /></testsuite></testsuites>