<?xml version="1.0" encoding="utf-8"?><testsuites name="pytest tests"><testsuite name="pytest" errors="0" failures="0" skipped="0" tests="18" time="11.714" timestamp="2026-02-13T19:39:06.293561+00:00" hostname="agent-env-aedcad30-501c-4bf0-b088-5689384766dd"><testcase classname="backend.tests.test_scipost_pairwise_fix.TestSciPostPairwiseStatus" name="test_status_returns_200" time="0.214" /><testcase classname="backend.tests.test_scipost_pairwise_fix.TestSciPostPairwiseStatus" name="test_status_has_required_fields" time="0.177" /><testcase classname="backend.tests.test_scipost_pairwise_fix.TestSciPostPairwiseStatus" name="test_status_shows_3_completed_pairs" time="0.212" /><testcase classname="backend.tests.test_scipost_pairwise_fix.TestSciPostPairwiseStatus" name="test_status_by_dimension_has_validity" time="0.134" /><testcase classname="backend.tests.test_scipost_pairwise_fix.TestSciPostPairwiseResults" name="test_results_returns_200" time="0.214" /><testcase classname="backend.tests.test_scipost_pairwise_fix.TestSciPostPairwiseResults" name="test_results_status_is_ok" time="0.135" /><testcase classname="backend.tests.test_scipost_pairwise_fix.TestSciPostPairwiseResults" name="test_results_has_valid_data_structure" time="0.114" /><testcase classname="backend.tests.test_scipost_pairwise_fix.TestSciPostPairwiseResults" name="test_results_overall_majority_is_valid" time="0.212" /><testcase classname="backend.tests.test_scipost_pairwise_fix.TestSciPostPairwiseResults" name="test_results_by_dimension_validity" time="0.222" /><testcase classname="backend.tests.test_scipost_pairwise_fix.TestSciPostPairwiseResults" name="test_results_has_3_models" time="0.111" /><testcase classname="backend.tests.test_scipost_pairwise_fix.TestSciPostPairwiseResults" name="test_results_samples_not_empty" time="0.195" /><testcase classname="backend.tests.test_scipost_pairwise_fix.TestSciPostPairwiseResults" name="test_results_samples_have_required_fields" time="8.758" /><testcase classname="backend.tests.test_scipost_pairwise_fix.TestSciPostPairwiseResults" name="test_results_inter_model_agreement" time="0.148" /><testcase classname="backend.tests.test_scipost_pairwise_fix.TestOtherValidationEndpoints" name="test_qeios_pairwise_status" time="0.135" /><testcase classname="backend.tests.test_scipost_pairwise_fix.TestOtherValidationEndpoints" name="test_qeios_pairwise_results" time="0.199" /><testcase classname="backend.tests.test_scipost_pairwise_fix.TestOtherValidationEndpoints" name="test_scipost_single_item_status" time="0.134" /><testcase classname="backend.tests.test_scipost_pairwise_fix.TestOtherValidationEndpoints" name="test_scipost_single_item_results" time="0.123" /><testcase classname="backend.tests.test_scipost_pairwise_fix.TestOtherValidationEndpoints" name="test_validation_datasets" time="0.204" /></testsuite></testsuites>