<?xml version="1.0" encoding="utf-8"?><testsuites name="pytest tests"><testsuite name="pytest" errors="0" failures="0" skipped="0" tests="15" time="5.355" timestamp="2026-02-13T17:43:19.401840+00:00" hostname="agent-env-725602cc-a154-4941-a878-769310207cef"><testcase classname="backend.tests.test_scipost_improvements.TestSciPostStatus" name="test_status_endpoint_returns_200" time="2.465" /><testcase classname="backend.tests.test_scipost_improvements.TestSciPostStatus" name="test_status_has_required_fields" time="0.187" /><testcase classname="backend.tests.test_scipost_improvements.TestSciPostResults" name="test_results_endpoint_returns_200" time="0.493" /><testcase classname="backend.tests.test_scipost_improvements.TestSciPostResults" name="test_results_has_status_ok" time="0.276" /><testcase classname="backend.tests.test_scipost_improvements.TestSciPostResults" name="test_results_has_total_comparisons" time="0.235" /><testcase classname="backend.tests.test_scipost_improvements.TestSciPostResults" name="test_results_has_prompts_field" time="0.224" /><testcase classname="backend.tests.test_scipost_improvements.TestSciPostResults" name="test_prompts_has_template_key" time="0.127" /><testcase classname="backend.tests.test_scipost_improvements.TestSciPostResults" name="test_prompts_has_dimension_tasks_key" time="0.136" /><testcase classname="backend.tests.test_scipost_improvements.TestSciPostResults" name="test_prompts_has_system_key" time="0.137" /><testcase classname="backend.tests.test_scipost_improvements.TestSciPostResults" name="test_samples_has_referee_field" time="0.129" /><testcase classname="backend.tests.test_scipost_improvements.TestSciPostResults" name="test_samples_has_submission_id_field" time="0.171" /><testcase classname="backend.tests.test_scipost_improvements.TestSciPostResults" name="test_samples_have_dimension_field" time="0.138" /><testcase classname="backend.tests.test_scipost_improvements.TestSciPostResults" name="test_same_paper_multiple_referees" time="0.163" /><testcase classname="backend.tests.test_scipost_improvements.TestSciPostResults" name="test_by_dimension_structure" time="0.171" /><testcase classname="backend.tests.test_scipost_improvements.TestSciPostResults" name="test_model_overall_structure" time="0.158" /></testsuite></testsuites>