<?xml version="1.0" encoding="utf-8"?><testsuites name="pytest tests"><testsuite name="pytest" errors="0" failures="0" skipped="0" tests="14" time="3.023" timestamp="2026-04-14T20:33:39.399820+00:00" hostname="agent-env-2ea65cee-3f2a-48e7-b536-38ed60de15d8"><testcase classname="backend.tests.test_score_pairwise_coherence.TestScorePairwiseCoherence" name="test_coherence_key_exists" time="0.318" /><testcase classname="backend.tests.test_score_pairwise_coherence.TestScorePairwiseCoherence" name="test_coherence_status_ok" time="0.204" /><testcase classname="backend.tests.test_score_pairwise_coherence.TestScorePairwiseCoherence" name="test_coherence_has_three_models" time="0.264" /><testcase classname="backend.tests.test_score_pairwise_coherence.TestScorePairwiseCoherence" name="test_model_has_required_fields" time="0.197" /><testcase classname="backend.tests.test_score_pairwise_coherence.TestScorePairwiseCoherence" name="test_total_pairs_positive" time="0.201" /><testcase classname="backend.tests.test_score_pairwise_coherence.TestScorePairwiseCoherence" name="test_overall_agreement_in_range" time="0.190" /><testcase classname="backend.tests.test_score_pairwise_coherence.TestScorePairwiseCoherence" name="test_bins_count_is_six" time="0.225" /><testcase classname="backend.tests.test_score_pairwise_coherence.TestScorePairwiseCoherence" name="test_bin_has_required_fields" time="0.188" /><testcase classname="backend.tests.test_score_pairwise_coherence.TestScorePairwiseCoherence" name="test_agreement_rate_monotonically_increasing" time="0.193" /><testcase classname="backend.tests.test_score_pairwise_coherence.TestScorePairwiseCoherence" name="test_category_filter_works" time="0.146" /><testcase classname="backend.tests.test_score_pairwise_coherence.TestScorePairwiseCoherence" name="test_gpt_narrow_score_range" time="0.189" /><testcase classname="backend.tests.test_score_pairwise_coherence.TestCoherenceIntegration" name="test_api_response_time" time="0.194" /><testcase classname="backend.tests.test_score_pairwise_coherence.TestCoherenceIntegration" name="test_coherence_data_consistency" time="0.231" /><testcase classname="backend.tests.test_score_pairwise_coherence.TestCoherenceIntegration" name="test_agreement_plus_reversal_equals_one" time="0.208" /></testsuite></testsuites>