<?xml version="1.0" encoding="utf-8"?><testsuites name="pytest tests"><testsuite name="pytest" errors="0" failures="0" skipped="0" tests="9" time="29.728" timestamp="2026-03-25T11:10:34.259735+00:00" hostname="agent-env-378632d9-fdfe-4f95-b28c-562f7f6616a0"><testcase classname="backend.tests.test_scoring_method_correlation.TestScoringMethodCorrelation" name="test_endpoint_returns_ok_status" time="18.176" /><testcase classname="backend.tests.test_scoring_method_correlation.TestScoringMethodCorrelation" name="test_response_contains_required_fields" time="7.439" /><testcase classname="backend.tests.test_scoring_method_correlation.TestScoringMethodCorrelation" name="test_correlations_array_has_3_pairs" time="0.148" /><testcase classname="backend.tests.test_scoring_method_correlation.TestScoringMethodCorrelation" name="test_correlation_values_are_valid" time="0.123" /><testcase classname="backend.tests.test_scoring_method_correlation.TestScoringMethodCorrelation" name="test_rank_agreement_structure" time="0.154" /><testcase classname="backend.tests.test_scoring_method_correlation.TestScoringMethodCorrelation" name="test_category_filter_cs_dc" time="2.812" /><testcase classname="backend.tests.test_scoring_method_correlation.TestScoringMethodCorrelation" name="test_category_filter_returns_fewer_papers" time="0.517" /><testcase classname="backend.tests.test_scoring_method_correlation.TestScoringMethodCorrelation" name="test_compute_time_is_reasonable" time="0.103" /><testcase classname="backend.tests.test_scoring_method_correlation.TestScoringMethodCorrelation" name="test_methods_array_structure" time="0.159" /></testsuite></testsuites>