<?xml version="1.0" encoding="utf-8"?><testsuites name="pytest tests"><testsuite name="pytest" errors="0" failures="0" skipped="0" tests="14" time="1.605" timestamp="2026-05-06T09:48:17.516473+00:00" hostname="agent-env-ea41c036-509b-4c7d-82b3-bd417accb336"><testcase classname="backend.tests.test_scoring_simplification.TestLeaderboardShape" name="test_leaderboard_basic" time="0.277" /><testcase classname="backend.tests.test_scoring_simplification.TestLeaderboardShape" name="test_no_legacy_rank_fields" time="0.068" /><testcase classname="backend.tests.test_scoring_simplification.TestLeaderboardShape" name="test_rank_monotonic" time="0.078" /><testcase classname="backend.tests.test_scoring_simplification.TestLeaderboardShape" name="test_multiple_categories" time="0.144" /><testcase classname="backend.tests.test_scoring_simplification.TestSorting" name="test_sort[score-desc]" time="0.083" /><testcase classname="backend.tests.test_scoring_simplification.TestSorting" name="test_sort[wilson_margin-asc]" time="0.068" /><testcase classname="backend.tests.test_scoring_simplification.TestSorting" name="test_sort[comparisons-desc]" time="0.068" /><testcase classname="backend.tests.test_scoring_simplification.TestSorting" name="test_sort[win_rate-desc]" time="0.069" /><testcase classname="backend.tests.test_scoring_simplification.TestSorting" name="test_sort[published-desc]" time="0.071" /><testcase classname="backend.tests.test_scoring_simplification.TestCategories" name="test_categories_endpoint" time="0.075" /><testcase classname="backend.tests.test_scoring_simplification.TestPaperDetail" name="test_paper_detail" time="0.211" /><testcase classname="backend.tests.test_scoring_simplification.TestArchives" name="test_archive_list" time="0.069" /><testcase classname="backend.tests.test_scoring_simplification.TestAdminLogs" name="test_admin_logs" time="0.139" /><testcase classname="backend.tests.test_scoring_simplification.TestCorrelation" name="test_model_analysis" time="0.103" /></testsuite></testsuites>