<?xml version="1.0" encoding="utf-8"?><testsuites name="pytest tests"><testsuite name="pytest" errors="0" failures="0" skipped="0" tests="13" time="0.955" timestamp="2026-02-09T21:08:26.655802+00:00" hostname="agent-env-4f11422f-5a28-4ef2-a19b-f7b469731bd2"><testcase classname="backend.tests.test_search_virtual_scroll.TestSearchWithCategory" name="test_search_robot_returns_filtered_results" time="0.078" /><testcase classname="backend.tests.test_search_virtual_scroll.TestSearchWithCategory" name="test_search_nonexistent_returns_empty" time="0.073" /><testcase classname="backend.tests.test_search_virtual_scroll.TestSearchWithCategory" name="test_search_ranks_start_from_one" time="0.048" /><testcase classname="backend.tests.test_search_virtual_scroll.TestSearchWithCategory" name="test_no_search_returns_all_papers" time="0.087" /><testcase classname="backend.tests.test_search_virtual_scroll.TestSearchWithShowAll" name="test_search_with_show_all" time="0.043" /><testcase classname="backend.tests.test_search_virtual_scroll.TestSearchWithTags" name="test_search_with_tags" time="0.045" /><testcase classname="backend.tests.test_search_virtual_scroll.TestSearchWithTags" name="test_search_with_tag_does_not_leak_full_data" time="0.044" /><testcase classname="backend.tests.test_search_virtual_scroll.TestSearchResponseTime" name="test_search_response_time_under_200ms" time="0.081" /><testcase classname="backend.tests.test_search_virtual_scroll.TestSearchResponseTime" name="test_search_with_show_all_response_time" time="0.110" /><testcase classname="backend.tests.test_search_virtual_scroll.TestSearchCaseSensitivity" name="test_search_is_case_insensitive" time="0.124" /><testcase classname="backend.tests.test_search_virtual_scroll.TestSearchWithPeriods" name="test_search_with_week_period" time="0.040" /><testcase classname="backend.tests.test_search_virtual_scroll.TestSearchWithPeriods" name="test_search_with_month_period" time="0.036" /><testcase classname="backend.tests.test_search_virtual_scroll.TestSearchPagination" name="test_search_with_limit_offset" time="0.077" /></testsuite></testsuites>