<?xml version="1.0" encoding="utf-8"?><testsuites name="pytest tests"><testsuite name="pytest" errors="0" failures="0" skipped="0" tests="15" time="12.113" timestamp="2026-03-02T14:04:51.171294+00:00" hostname="agent-env-f3dc9142-51c8-42d1-be5d-31f88a55eaaa"><testcase classname="tests.test_security_headers_elife.TestSecurityHeaders" name="test_health_returns_ok" time="0.200" /><testcase classname="tests.test_security_headers_elife.TestSecurityHeaders" name="test_strict_transport_security_header" time="0.114" /><testcase classname="tests.test_security_headers_elife.TestSecurityHeaders" name="test_x_content_type_options_header" time="0.122" /><testcase classname="tests.test_security_headers_elife.TestSecurityHeaders" name="test_x_frame_options_header" time="0.114" /><testcase classname="tests.test_security_headers_elife.TestSecurityHeaders" name="test_referrer_policy_header" time="0.121" /><testcase classname="tests.test_security_headers_elife.TestSecurityHeaders" name="test_security_headers_on_validation_endpoint" time="0.257" /><testcase classname="tests.test_security_headers_elife.TestValidationDatasets" name="test_validation_datasets_endpoint" time="0.267" /><testcase classname="tests.test_security_headers_elife.TestValidationDatasets" name="test_elife_datasets_exist" time="0.257" /><testcase classname="tests.test_security_headers_elife.TestValidationDatasets" name="test_dataset_has_required_fields" time="0.267" /><testcase classname="tests.test_security_headers_elife.TestValidationDatasets" name="test_24_datasets_exist" time="0.271" /><testcase classname="tests.test_security_headers_elife.TestValidationImportsRouter" name="test_import_iclr_endpoint_exists" time="0.114" /><testcase classname="tests.test_security_headers_elife.TestValidationImportsRouter" name="test_import_elife_endpoint_exists" time="0.112" /><testcase classname="tests.test_security_headers_elife.TestValidationImportsRouter" name="test_import_midl_endpoint_exists" time="9.131" /><testcase classname="tests.test_security_headers_elife.TestLeaderboardAndAnalysis" name="test_leaderboard_endpoint" time="0.293" /><testcase classname="tests.test_security_headers_elife.TestLeaderboardAndAnalysis" name="test_model_correlation_endpoint" time="0.394" /></testsuite></testsuites>