<?xml version="1.0" encoding="utf-8"?><testsuites name="pytest tests"><testsuite name="pytest" errors="0" failures="0" skipped="0" tests="17" time="2.913" timestamp="2026-02-15T21:09:31.443918+00:00" hostname="agent-env-c7b3e12a-e930-4a39-8842-7e6eafe451c8"><testcase classname="backend.tests.test_summary_bias.TestSummaryBiasStatus" name="test_status_endpoint_returns_200" time="0.281" /><testcase classname="backend.tests.test_summary_bias.TestSummaryBiasStatus" name="test_status_contains_required_fields" time="0.135" /><testcase classname="backend.tests.test_summary_bias.TestSummaryBiasStatus" name="test_status_summaries_generated_150" time="0.138" /><testcase classname="backend.tests.test_summary_bias.TestSummaryBiasStatus" name="test_status_matches_completed_1800" time="0.145" /><testcase classname="backend.tests.test_summary_bias.TestSummaryBiasStatus" name="test_status_summaries_per_model_3_items" time="0.119" /><testcase classname="backend.tests.test_summary_bias.TestSummaryBiasResults" name="test_results_endpoint_returns_200" time="0.130" /><testcase classname="backend.tests.test_summary_bias.TestSummaryBiasResults" name="test_results_status_ok" time="0.137" /><testcase classname="backend.tests.test_summary_bias.TestSummaryBiasResults" name="test_results_contains_all_required_fields" time="0.141" /><testcase classname="backend.tests.test_summary_bias.TestSummaryBiasResults" name="test_results_judges_3_items" time="0.171" /><testcase classname="backend.tests.test_summary_bias.TestSummaryBiasResults" name="test_results_summarizers_3_items" time="0.472" /><testcase classname="backend.tests.test_summary_bias.TestSummaryBiasResults" name="test_results_grid_consensus_3x3" time="0.119" /><testcase classname="backend.tests.test_summary_bias.TestSummaryBiasResults" name="test_results_grid_original_3x3" time="0.153" /><testcase classname="backend.tests.test_summary_bias.TestSummaryBiasResults" name="test_results_self_bias_structure" time="0.132" /><testcase classname="backend.tests.test_summary_bias.TestSummaryBiasResults" name="test_results_judge_consistency_structure" time="0.128" /><testcase classname="backend.tests.test_summary_bias.TestSummaryBiasResults" name="test_results_summary_influence_structure" time="0.142" /><testcase classname="backend.tests.test_summary_bias.TestSummaryBiasResults" name="test_results_num_matches_200" time="0.162" /><testcase classname="backend.tests.test_summary_bias.TestSummaryBiasResults" name="test_results_total_evaluations_1800" time="0.141" /></testsuite></testsuites>