<?xml version="1.0" encoding="utf-8"?><testsuites name="pytest tests"><testsuite name="pytest" errors="0" failures="0" skipped="0" tests="13" time="1.650" timestamp="2026-02-08T13:23:04.178398+00:00" hostname="agent-env-84365c58-f8bb-49e7-9779-996e0e228e52"><testcase classname="backend.tests.test_tag_leaderboard_features.TestTagLeaderboardShowAll" name="test_show_all_true_returns_more_papers" time="0.258" /><testcase classname="backend.tests.test_tag_leaderboard_features.TestTagLeaderboardShowAll" name="test_show_all_response_has_total_all_papers" time="0.194" /><testcase classname="backend.tests.test_tag_leaderboard_features.TestTagLeaderboardShowAll" name="test_show_all_papers_have_matches_tag_flag" time="0.188" /><testcase classname="backend.tests.test_tag_leaderboard_features.TestTagLeaderboardShowAll" name="test_show_all_papers_have_primary_category" time="0.194" /><testcase classname="backend.tests.test_tag_leaderboard_features.TestTagLeaderboardGlobalStats" name="test_global_stats_false_no_global_fields" time="0.035" /><testcase classname="backend.tests.test_tag_leaderboard_features.TestTagLeaderboardGlobalStats" name="test_global_stats_true_has_global_fields" time="0.039" /><testcase classname="backend.tests.test_tag_leaderboard_features.TestTagLeaderboardGlobalStats" name="test_global_comparisons_gte_local_comparisons" time="0.040" /><testcase classname="backend.tests.test_tag_leaderboard_features.TestTagLeaderboardResponseFlags" name="test_show_all_flag_in_response" time="0.189" /><testcase classname="backend.tests.test_tag_leaderboard_features.TestTagLeaderboardResponseFlags" name="test_global_stats_flag_in_response" time="0.042" /><testcase classname="backend.tests.test_tag_leaderboard_features.TestTagLeaderboardResponseFlags" name="test_tags_in_response" time="0.040" /><testcase classname="backend.tests.test_tag_leaderboard_features.TestTagLeaderboardCombined" name="test_show_all_with_global_stats" time="0.206" /><testcase classname="backend.tests.test_tag_leaderboard_features.TestTagLeaderboardCombined" name="test_multiple_tags_or_mode" time="0.075" /><testcase classname="backend.tests.test_tag_leaderboard_features.TestTagLeaderboardCombined" name="test_without_tag_params_uses_category" time="0.039" /></testsuite></testsuites>