<?xml version="1.0" encoding="utf-8"?><testsuites name="pytest tests"><testsuite name="pytest" errors="0" failures="0" skipped="0" tests="22" time="2.606" timestamp="2026-02-08T13:31:10.420429+00:00" hostname="agent-env-84365c58-f8bb-49e7-9779-996e0e228e52"><testcase classname="backend.tests.test_tag_leaderboard_features.TestTagLeaderboardShowAll" name="test_show_all_true_returns_more_papers" time="0.280" /><testcase classname="backend.tests.test_tag_leaderboard_features.TestTagLeaderboardShowAll" name="test_show_all_response_has_total_all_papers" time="0.191" /><testcase classname="backend.tests.test_tag_leaderboard_features.TestTagLeaderboardShowAll" name="test_show_all_papers_have_matches_tag_flag" time="0.200" /><testcase classname="backend.tests.test_tag_leaderboard_features.TestTagLeaderboardShowAll" name="test_show_all_papers_have_primary_category" time="0.193" /><testcase classname="backend.tests.test_tag_leaderboard_features.TestTagLeaderboardGlobalStats" name="test_global_stats_false_no_global_fields" time="0.035" /><testcase classname="backend.tests.test_tag_leaderboard_features.TestTagLeaderboardGlobalStats" name="test_global_stats_true_has_global_fields" time="0.037" /><testcase classname="backend.tests.test_tag_leaderboard_features.TestTagLeaderboardGlobalStats" name="test_global_comparisons_gte_local_comparisons" time="0.037" /><testcase classname="backend.tests.test_tag_leaderboard_features.TestTagLeaderboardResponseFlags" name="test_show_all_flag_in_response" time="0.198" /><testcase classname="backend.tests.test_tag_leaderboard_features.TestTagLeaderboardResponseFlags" name="test_global_stats_flag_in_response" time="0.039" /><testcase classname="backend.tests.test_tag_leaderboard_features.TestTagLeaderboardResponseFlags" name="test_tags_in_response" time="0.036" /><testcase classname="backend.tests.test_tag_leaderboard_features.TestTagLeaderboardCombined" name="test_show_all_with_global_stats" time="0.208" /><testcase classname="backend.tests.test_tag_leaderboard_features.TestTagLeaderboardCombined" name="test_multiple_tags_or_mode" time="0.063" /><testcase classname="backend.tests.test_tag_leaderboard_features.TestTagLeaderboardCombined" name="test_without_tag_params_uses_category" time="0.038" /><testcase classname="backend.tests.test_tag_mode_revised.TestShowAllWithoutTags" name="test_show_all_without_tags_returns_all_papers" time="0.197" /><testcase classname="backend.tests.test_tag_mode_revised.TestShowAllWithoutTags" name="test_show_all_without_tags_has_primary_category" time="0.194" /><testcase classname="backend.tests.test_tag_mode_revised.TestShowAllWithoutTags" name="test_show_all_response_fields" time="0.192" /><testcase classname="backend.tests.test_tag_mode_revised.TestTagFilteredLeaderboard" name="test_tag_filter_returns_matching_papers_only" time="0.033" /><testcase classname="backend.tests.test_tag_mode_revised.TestTagFilteredLeaderboard" name="test_tag_filter_papers_have_primary_category" time="0.035" /><testcase classname="backend.tests.test_tag_mode_revised.TestGlobalStatsWithTags" name="test_global_stats_includes_global_fields" time="0.037" /><testcase classname="backend.tests.test_tag_mode_revised.TestGlobalStatsWithTags" name="test_global_comparisons_gte_local_comparisons" time="0.035" /><testcase classname="backend.tests.test_tag_mode_revised.TestCategoryVsShowAll" name="test_category_returns_category_papers" time="0.038" /><testcase classname="backend.tests.test_tag_mode_revised.TestCategoryVsShowAll" name="test_show_all_returns_more_than_category" time="0.231" /></testsuite></testsuites>