<?xml version="1.0" encoding="utf-8"?><testsuites name="pytest tests"><testsuite name="pytest" errors="0" failures="0" skipped="0" tests="16" time="2.081" timestamp="2026-02-09T11:35:14.355304+00:00" hostname="agent-env-064499a1-f21a-4ae4-bc61-480ef1308110"><testcase classname="backend.tests.test_topk_crossmatch_roundrobin.TestTopKCrossMatchGoal3" name="test_progress_returns_goal3_field" time="0.151" /><testcase classname="backend.tests.test_topk_crossmatch_roundrobin.TestTopKCrossMatchGoal3" name="test_goal3_has_required_keys" time="0.176" /><testcase classname="backend.tests.test_topk_crossmatch_roundrobin.TestTopKCrossMatchGoal3" name="test_cs_ro_goal3_incomplete" time="0.085" /><testcase classname="backend.tests.test_topk_crossmatch_roundrobin.TestTopKCrossMatchGoal3" name="test_cs_ro_goals_met_false" time="0.081" /><testcase classname="backend.tests.test_topk_crossmatch_roundrobin.TestTopKCrossMatchGoal3" name="test_cs_dc_goals_met_true" time="0.093" /><testcase classname="backend.tests.test_topk_crossmatch_roundrobin.TestTopKCrossMatchGoal3" name="test_econ_gn_goals_met_true" time="0.097" /><testcase classname="backend.tests.test_topk_crossmatch_roundrobin.TestTopKCrossMatchGoal3" name="test_physics_comp_ph_goals_met_true" time="0.330" /><testcase classname="backend.tests.test_topk_crossmatch_roundrobin.TestTopKCrossMatchGoal3" name="test_q_bio_bm_goals_met_true" time="0.086" /><testcase classname="backend.tests.test_topk_crossmatch_roundrobin.TestTopKCrossMatchGoal3" name="test_all_categories_goal3_status_summary" time="0.375" /><testcase classname="backend.tests.test_topk_crossmatch_roundrobin.TestRoundRobinModelSelection" name="test_recent_matches_have_model_used" time="0.066" /><testcase classname="backend.tests.test_topk_crossmatch_roundrobin.TestRoundRobinModelSelection" name="test_model_distribution_from_stats" time="0.099" /><testcase classname="backend.tests.test_topk_crossmatch_roundrobin.TestRoundRobinModelSelection" name="test_timeseries_model_distribution" time="0.097" /><testcase classname="backend.tests.test_topk_crossmatch_roundrobin.TestRoundRobinModelSelection" name="test_recent_matches_model_variety" time="0.064" /><testcase classname="backend.tests.test_topk_crossmatch_roundrobin.TestGoal3Integration" name="test_goal3_label_format" time="0.079" /><testcase classname="backend.tests.test_topk_crossmatch_roundrobin.TestGoal3Integration" name="test_estimated_matches_includes_goal3" time="0.074" /><testcase classname="backend.tests.test_topk_crossmatch_roundrobin.TestProgressEndpointRequiresAuth" name="test_progress_without_auth_fails" time="0.035" /></testsuite></testsuites>