<?xml version="1.0" encoding="utf-8"?><testsuites name="pytest tests"><testsuite name="pytest" errors="0" failures="0" skipped="0" tests="7" time="80.200" timestamp="2026-01-10T17:23:04.527909+00:00" hostname="agent-env-c877b057-bb8c-49c4-afe9-90c11b4b0359"><testcase classname="tests.test_topk_confidence.TestTopKAndConfidenceBackendAPI" name="test_api_health" time="0.060" /><testcase classname="tests.test_topk_confidence.TestTopKAndConfidenceBackendAPI" name="test_create_ucb_tournament_with_target_top_k" time="0.203" /><testcase classname="tests.test_topk_confidence.TestTopKAndConfidenceBackendAPI" name="test_create_ucb_tournament_with_confidence_level_range" time="0.243" /><testcase classname="tests.test_topk_confidence.TestTopKAndConfidenceBackendAPI" name="test_ucb_default_confidence_level" time="0.177" /><testcase classname="tests.test_topk_confidence.TestTopKAndConfidenceBackendAPI" name="test_ucb_default_target_top_k_is_none" time="0.168" /><testcase classname="tests.test_topk_confidence.TestConfidenceBandsInResults" name="test_ucb_tournament_with_confidence_bands" time="35.338" /><testcase classname="tests.test_topk_confidence.TestTopKModeEfficiency" name="test_top_k_mode_uses_fewer_comparisons" time="43.962" /></testsuite></testsuites>