<?xml version="1.0" encoding="utf-8"?><testsuites name="pytest tests"><testsuite name="pytest" errors="0" failures="0" skipped="4" tests="9" time="3.037" timestamp="2026-01-10T17:00:52.573678+00:00" hostname="agent-env-c877b057-bb8c-49c4-afe9-90c11b4b0359"><testcase classname="tests.test_ucb_feature.TestUCBBackendAPI" name="test_api_health" time="0.084" /><testcase classname="tests.test_ucb_feature.TestUCBBackendAPI" name="test_search_papers" time="0.318" /><testcase classname="tests.test_ucb_feature.TestUCBBackendAPI" name="test_create_tournament_round_robin" time="1.370"><skipped type="pytest.skip" message="Not enough papers found for test">/app/tests/test_ucb_feature.py:45: Not enough papers found for test</skipped></testcase><testcase classname="tests.test_ucb_feature.TestUCBBackendAPI" name="test_create_tournament_ucb_mode" time="0.334"><skipped type="pytest.skip" message="Not enough papers found for UCB test">/app/tests/test_ucb_feature.py:84: Not enough papers found for UCB test</skipped></testcase><testcase classname="tests.test_ucb_feature.TestUCBBackendAPI" name="test_create_tournament_ucb_default_config" time="0.324"><skipped type="pytest.skip" message="Not enough papers found">/app/tests/test_ucb_feature.py:139: Not enough papers found</skipped></testcase><testcase classname="tests.test_ucb_feature.TestUCBBackendAPI" name="test_tournament_list_includes_ranking_mode" time="0.041" /><testcase classname="tests.test_ucb_feature.TestUCBBackendAPI" name="test_tournament_results_includes_ranking_mode" time="0.084" /><testcase classname="tests.test_ucb_feature.TestUCBTournamentExecution" name="test_ucb_tournament_runs_with_fewer_comparisons" time="0.318"><skipped type="pytest.skip" message="Not enough papers found">/app/tests/test_ucb_feature.py:218: Not enough papers found</skipped></testcase><testcase classname="tests.test_ucb_feature.TestExistingUCBTournament" name="test_running_ucb_tournament_has_correct_fields" time="0.042" /></testsuite></testsuites>