<?xml version="1.0" encoding="utf-8"?><testsuites name="pytest tests"><testsuite name="pytest" errors="0" failures="0" skipped="0" tests="11" time="10.694" timestamp="2026-02-13T19:16:58.467913+00:00" hostname="agent-env-725602cc-a154-4941-a878-769310207cef"><testcase classname="tests.test_validation_hub.TestValidationHubAPIs" name="test_scipost_pairwise_status_endpoint" time="0.202" /><testcase classname="tests.test_validation_hub.TestValidationHubAPIs" name="test_scipost_pairwise_results_endpoint" time="0.151" /><testcase classname="tests.test_validation_hub.TestValidationHubAPIs" name="test_qeios_pairwise_status" time="0.147" /><testcase classname="tests.test_validation_hub.TestValidationHubAPIs" name="test_qeios_pairwise_results" time="0.188" /><testcase classname="tests.test_validation_hub.TestValidationHubAPIs" name="test_scipost_status" time="0.161" /><testcase classname="tests.test_validation_hub.TestValidationHubAPIs" name="test_scipost_results" time="0.137" /><testcase classname="tests.test_validation_hub.TestValidationHubAPIs" name="test_validation_datasets" time="0.129" /><testcase classname="tests.test_validation_hub.TestValidationHubAPIs" name="test_validation_pairwise_results" time="0.360" /><testcase classname="tests.test_validation_hub.TestValidationHubAPIs" name="test_validation_irt_results" time="8.682" /><testcase classname="tests.test_validation_hub.TestNavbarSimplified" name="test_navbar_has_validation_link" time="0.152" /><testcase classname="tests.test_validation_hub.TestSciPostPairwiseEmptyState" name="test_empty_state_returns_no_data" time="0.317" /></testsuite></testsuites>